[ 2016-12-14T18:26:21+08:00 ] 127.0.0.1 /ajax/getmsgnum
INFO: [ app_init ] --START--
INFO: Run Behavior\BuildLiteBehavior [ RunTime:0.000000s ]
INFO: [ app_init ] --END-- [ RunTime:0.000000s ]
INFO: [ app_begin ] --START--
INFO: Run Behavior\ReadHtmlCacheBehavior [ RunTime:0.000000s ]
INFO: [ app_begin ] --END-- [ RunTime:0.001000s ]
NOTIC: [8] Undefined offset: 0 D:\WWW\cnbb\cnbb_student\Application\Components\BaseController.class.php 第 17 行.
NOTIC: [2] file_get_contents(http://api.cainiaobangbang.com:8081/base/servers):  D:\WWW\cnbb\cnbb_student\Application\Home\Common\function.php 第 15 行.
NOTIC: [2] unlink(./Application/Runtime/Temp/8d777f385d3dfec8815d20f7496026dc.php): No such file or directory D:\WWW\cnbb\cnbb_student\ThinkPHP\Library\Think\Cache\Driver\File.class.php 第 157 行.
NOTIC: [2] Invalid argument supplied for foreach() D:\WWW\cnbb\cnbb_student\Application\Home\Common\function.php 第 36 行.
NOTIC: [8] Undefined variable: res D:\WWW\cnbb\cnbb_student\Application\Home\Common\function.php 第 42 行.

[ 2016-12-14T18:26:42+08:00 ] 127.0.0.1 /ajax/getmsgnum
INFO: [ app_init ] --START--
INFO: Run Behavior\BuildLiteBehavior [ RunTime:0.000000s ]
INFO: [ app_init ] --END-- [ RunTime:0.001000s ]
INFO: [ app_begin ] --START--
INFO: Run Behavior\ReadHtmlCacheBehavior [ RunTime:0.001000s ]
INFO: [ app_begin ] --END-- [ RunTime:0.001000s ]
NOTIC: [8] Undefined offset: 0 D:\WWW\cnbb\cnbb_student\Application\Components\BaseController.class.php 第 17 行.

[ 2016-12-14T18:27:03+08:00 ] 127.0.0.1 /ajax/getmsgnum
INFO: [ app_init ] --START--
INFO: Run Behavior\BuildLiteBehavior [ RunTime:0.000000s ]
INFO: [ app_init ] --END-- [ RunTime:0.001000s ]
INFO: [ app_begin ] --START--
INFO: Run Behavior\ReadHtmlCacheBehavior [ RunTime:0.001000s ]
INFO: [ app_begin ] --END-- [ RunTime:0.001000s ]
NOTIC: [8] Undefined offset: 0 D:\WWW\cnbb\cnbb_student\Application\Components\BaseController.class.php 第 17 行.

[ 2016-12-14T18:27:24+08:00 ] 127.0.0.1 /ajax/getmsgnum
INFO: [ app_init ] --START--
INFO: Run Behavior\BuildLiteBehavior [ RunTime:0.000000s ]
INFO: [ app_init ] --END-- [ RunTime:0.000000s ]
INFO: [ app_begin ] --START--
INFO: Run Behavior\ReadHtmlCacheBehavior [ RunTime:0.001000s ]
INFO: [ app_begin ] --END-- [ RunTime:0.001000s ]
NOTIC: [8] Undefined offset: 0 D:\WWW\cnbb\cnbb_student\Application\Components\BaseController.class.php 第 17 行.

[ 2016-12-14T18:27:45+08:00 ] 127.0.0.1 /ajax/getmsgnum
INFO: [ app_init ] --START--
INFO: Run Behavior\BuildLiteBehavior [ RunTime:0.000000s ]
INFO: [ app_init ] --END-- [ RunTime:0.001000s ]
INFO: [ app_begin ] --START--
INFO: Run Behavior\ReadHtmlCacheBehavior [ RunTime:0.000000s ]
INFO: [ app_begin ] --END-- [ RunTime:0.000000s ]
NOTIC: [8] Undefined offset: 0 D:\WWW\cnbb\cnbb_student\Application\Components\BaseController.class.php 第 17 行.

[ 2016-12-14T18:28:27+08:00 ] 127.0.0.1 /ajax/getmsgnum
INFO: [ app_init ] --START--
INFO: Run Behavior\BuildLiteBehavior [ RunTime:0.000000s ]
INFO: [ app_init ] --END-- [ RunTime:0.000000s ]
INFO: [ app_begin ] --START--
INFO: Run Behavior\ReadHtmlCacheBehavior [ RunTime:0.001000s ]
INFO: [ app_begin ] --END-- [ RunTime:0.001000s ]
NOTIC: [8] Undefined offset: 0 D:\WWW\cnbb\cnbb_student\Application\Components\BaseController.class.php 第 17 行.
NOTIC: [2] file_get_contents(http://api.cainiaobangbang.com:8081/base/servers):  D:\WWW\cnbb\cnbb_student\Application\Home\Common\function.php 第 15 行.
NOTIC: [2] unlink(./Application/Runtime/Temp/8d777f385d3dfec8815d20f7496026dc.php): No such file or directory D:\WWW\cnbb\cnbb_student\ThinkPHP\Library\Think\Cache\Driver\File.class.php 第 157 行.
NOTIC: [2] Invalid argument supplied for foreach() D:\WWW\cnbb\cnbb_student\Application\Home\Common\function.php 第 36 行.
NOTIC: [8] Undefined variable: res D:\WWW\cnbb\cnbb_student\Application\Home\Common\function.php 第 42 行.

[ 2016-12-14T18:28:48+08:00 ] 127.0.0.1 /ajax/getmsgnum
INFO: [ app_init ] --START--
INFO: Run Behavior\BuildLiteBehavior [ RunTime:0.000000s ]
INFO: [ app_init ] --END-- [ RunTime:0.000000s ]
INFO: [ app_begin ] --START--
INFO: Run Behavior\ReadHtmlCacheBehavior [ RunTime:0.000000s ]
INFO: [ app_begin ] --END-- [ RunTime:0.000000s ]
NOTIC: [8] Undefined offset: 0 D:\WWW\cnbb\cnbb_student\Application\Components\BaseController.class.php 第 17 行.

[ 2016-12-14T18:29:09+08:00 ] 127.0.0.1 /ajax/getmsgnum
INFO: [ app_init ] --START--
INFO: Run Behavior\BuildLiteBehavior [ RunTime:0.000000s ]
INFO: [ app_init ] --END-- [ RunTime:0.000000s ]
INFO: [ app_begin ] --START--
INFO: Run Behavior\ReadHtmlCacheBehavior [ RunTime:0.001000s ]
INFO: [ app_begin ] --END-- [ RunTime:0.002000s ]
NOTIC: [8] Undefined offset: 0 D:\WWW\cnbb\cnbb_student\Application\Components\BaseController.class.php 第 17 行.

[ 2016-12-14T18:29:30+08:00 ] 127.0.0.1 /ajax/getmsgnum
INFO: [ app_init ] --START--
INFO: Run Behavior\BuildLiteBehavior [ RunTime:0.000000s ]
INFO: [ app_init ] --END-- [ RunTime:0.000000s ]
INFO: [ app_begin ] --START--
INFO: Run Behavior\ReadHtmlCacheBehavior [ RunTime:0.000000s ]
INFO: [ app_begin ] --END-- [ RunTime:0.000000s ]
NOTIC: [8] Undefined offset: 0 D:\WWW\cnbb\cnbb_student\Application\Components\BaseController.class.php 第 17 行.

[ 2016-12-14T18:29:51+08:00 ] 127.0.0.1 /ajax/getmsgnum
INFO: [ app_init ] --START--
INFO: Run Behavior\BuildLiteBehavior [ RunTime:0.000000s ]
INFO: [ app_init ] --END-- [ RunTime:0.001000s ]
INFO: [ app_begin ] --START--
INFO: Run Behavior\ReadHtmlCacheBehavior [ RunTime:0.001000s ]
INFO: [ app_begin ] --END-- [ RunTime:0.001000s ]
NOTIC: [8] Undefined offset: 0 D:\WWW\cnbb\cnbb_student\Application\Components\BaseController.class.php 第 17 行.

[ 2016-12-14T18:30:33+08:00 ] 127.0.0.1 /ajax/getmsgnum
INFO: [ app_init ] --START--
INFO: Run Behavior\BuildLiteBehavior [ RunTime:0.000000s ]
INFO: [ app_init ] --END-- [ RunTime:0.000000s ]
INFO: [ app_begin ] --START--
INFO: Run Behavior\ReadHtmlCacheBehavior [ RunTime:0.000000s ]
INFO: [ app_begin ] --END-- [ RunTime:0.000000s ]
NOTIC: [8] Undefined offset: 0 D:\WWW\cnbb\cnbb_student\Application\Components\BaseController.class.php 第 17 行.
NOTIC: [2] file_get_contents(http://api.cainiaobangbang.com:8081/base/servers):  D:\WWW\cnbb\cnbb_student\Application\Home\Common\function.php 第 15 行.
NOTIC: [2] unlink(./Application/Runtime/Temp/8d777f385d3dfec8815d20f7496026dc.php): No such file or directory D:\WWW\cnbb\cnbb_student\ThinkPHP\Library\Think\Cache\Driver\File.class.php 第 157 行.
NOTIC: [2] Invalid argument supplied for foreach() D:\WWW\cnbb\cnbb_student\Application\Home\Common\function.php 第 36 行.
NOTIC: [8] Undefined variable: res D:\WWW\cnbb\cnbb_student\Application\Home\Common\function.php 第 42 行.

[ 2016-12-14T18:30:54+08:00 ] 127.0.0.1 /ajax/getmsgnum
INFO: [ app_init ] --START--
INFO: Run Behavior\BuildLiteBehavior [ RunTime:0.000000s ]
INFO: [ app_init ] --END-- [ RunTime:0.001000s ]
INFO: [ app_begin ] --START--
INFO: Run Behavior\ReadHtmlCacheBehavior [ RunTime:0.000000s ]
INFO: [ app_begin ] --END-- [ RunTime:0.000000s ]
NOTIC: [8] Undefined offset: 0 D:\WWW\cnbb\cnbb_student\Application\Components\BaseController.class.php 第 17 行.

[ 2016-12-14T18:31:15+08:00 ] 127.0.0.1 /ajax/getmsgnum
INFO: [ app_init ] --START--
INFO: Run Behavior\BuildLiteBehavior [ RunTime:0.000000s ]
INFO: [ app_init ] --END-- [ RunTime:0.001001s ]
INFO: [ app_begin ] --START--
INFO: Run Behavior\ReadHtmlCacheBehavior [ RunTime:0.000000s ]
INFO: [ app_begin ] --END-- [ RunTime:0.000000s ]
NOTIC: [8] Undefined offset: 0 D:\WWW\cnbb\cnbb_student\Application\Components\BaseController.class.php 第 17 行.

[ 2016-12-14T18:31:36+08:00 ] 127.0.0.1 /ajax/getmsgnum
INFO: [ app_init ] --START--
INFO: Run Behavior\BuildLiteBehavior [ RunTime:0.000000s ]
INFO: [ app_init ] --END-- [ RunTime:0.001000s ]
INFO: [ app_begin ] --START--
INFO: Run Behavior\ReadHtmlCacheBehavior [ RunTime:0.000000s ]
INFO: [ app_begin ] --END-- [ RunTime:0.000000s ]
NOTIC: [8] Undefined offset: 0 D:\WWW\cnbb\cnbb_student\Application\Components\BaseController.class.php 第 17 行.

[ 2016-12-14T18:31:57+08:00 ] 127.0.0.1 /ajax/getmsgnum
INFO: [ app_init ] --START--
INFO: Run Behavior\BuildLiteBehavior [ RunTime:0.000000s ]
INFO: [ app_init ] --END-- [ RunTime:0.000000s ]
INFO: [ app_begin ] --START--
INFO: Run Behavior\ReadHtmlCacheBehavior [ RunTime:0.000000s ]
INFO: [ app_begin ] --END-- [ RunTime:0.000000s ]
NOTIC: [8] Undefined offset: 0 D:\WWW\cnbb\cnbb_student\Application\Components\BaseController.class.php 第 17 行.

[ 2016-12-14T18:32:18+08:00 ] 127.0.0.1 /ajax/getmsgnum
INFO: [ app_init ] --START--
INFO: Run Behavior\BuildLiteBehavior [ RunTime:0.000000s ]
INFO: [ app_init ] --END-- [ RunTime:0.000000s ]
INFO: [ app_begin ] --START--
INFO: Run Behavior\ReadHtmlCacheBehavior [ RunTime:0.001000s ]
INFO: [ app_begin ] --END-- [ RunTime:0.001000s ]
NOTIC: [8] Undefined offset: 0 D:\WWW\cnbb\cnbb_student\Application\Components\BaseController.class.php 第 17 行.

[ 2016-12-14T18:33:00+08:00 ] 127.0.0.1 /ajax/getmsgnum
INFO: [ app_init ] --START--
INFO: Run Behavior\BuildLiteBehavior [ RunTime:0.000000s ]
INFO: [ app_init ] --END-- [ RunTime:0.000000s ]
INFO: [ app_begin ] --START--
INFO: Run Behavior\ReadHtmlCacheBehavior [ RunTime:0.001000s ]
INFO: [ app_begin ] --END-- [ RunTime:0.001000s ]
NOTIC: [8] Undefined offset: 0 D:\WWW\cnbb\cnbb_student\Application\Components\BaseController.class.php 第 17 行.
NOTIC: [2] file_get_contents(http://api.cainiaobangbang.com:8081/base/servers):  D:\WWW\cnbb\cnbb_student\Application\Home\Common\function.php 第 15 行.
NOTIC: [2] unlink(./Application/Runtime/Temp/8d777f385d3dfec8815d20f7496026dc.php): No such file or directory D:\WWW\cnbb\cnbb_student\ThinkPHP\Library\Think\Cache\Driver\File.class.php 第 157 行.
NOTIC: [2] Invalid argument supplied for foreach() D:\WWW\cnbb\cnbb_student\Application\Home\Common\function.php 第 36 行.
NOTIC: [8] Undefined variable: res D:\WWW\cnbb\cnbb_student\Application\Home\Common\function.php 第 42 行.

[ 2016-12-14T18:33:21+08:00 ] 127.0.0.1 /ajax/getmsgnum
INFO: [ app_init ] --START--
INFO: Run Behavior\BuildLiteBehavior [ RunTime:0.000000s ]
INFO: [ app_init ] --END-- [ RunTime:0.000000s ]
INFO: [ app_begin ] --START--
INFO: Run Behavior\ReadHtmlCacheBehavior [ RunTime:0.001000s ]
INFO: [ app_begin ] --END-- [ RunTime:0.001000s ]
NOTIC: [8] Undefined offset: 0 D:\WWW\cnbb\cnbb_student\Application\Components\BaseController.class.php 第 17 行.

[ 2016-12-14T18:33:42+08:00 ] 127.0.0.1 /ajax/getmsgnum
INFO: [ app_init ] --START--
INFO: Run Behavior\BuildLiteBehavior [ RunTime:0.000000s ]
INFO: [ app_init ] --END-- [ RunTime:0.000000s ]
INFO: [ app_begin ] --START--
INFO: Run Behavior\ReadHtmlCacheBehavior [ RunTime:0.000000s ]
INFO: [ app_begin ] --END-- [ RunTime:0.000000s ]
NOTIC: [8] Undefined offset: 0 D:\WWW\cnbb\cnbb_student\Application\Components\BaseController.class.php 第 17 行.

[ 2016-12-14T18:34:03+08:00 ] 127.0.0.1 /ajax/getmsgnum
INFO: [ app_init ] --START--
INFO: Run Behavior\BuildLiteBehavior [ RunTime:0.000000s ]
INFO: [ app_init ] --END-- [ RunTime:0.000000s ]
INFO: [ app_begin ] --START--
INFO: Run Behavior\ReadHtmlCacheBehavior [ RunTime:0.001000s ]
INFO: [ app_begin ] --END-- [ RunTime:0.001000s ]
NOTIC: [8] Undefined offset: 0 D:\WWW\cnbb\cnbb_student\Application\Components\BaseController.class.php 第 17 行.

[ 2016-12-14T18:34:24+08:00 ] 127.0.0.1 /ajax/getmsgnum
INFO: [ app_init ] --START--
INFO: Run Behavior\BuildLiteBehavior [ RunTime:0.000000s ]
INFO: [ app_init ] --END-- [ RunTime:0.000000s ]
INFO: [ app_begin ] --START--
INFO: Run Behavior\ReadHtmlCacheBehavior [ RunTime:0.001000s ]
INFO: [ app_begin ] --END-- [ RunTime:0.001000s ]
NOTIC: [8] Undefined offset: 0 D:\WWW\cnbb\cnbb_student\Application\Components\BaseController.class.php 第 17 行.

[ 2016-12-14T18:35:06+08:00 ] 127.0.0.1 /ajax/getmsgnum
INFO: [ app_init ] --START--
INFO: Run Behavior\BuildLiteBehavior [ RunTime:0.000000s ]
INFO: [ app_init ] --END-- [ RunTime:0.001000s ]
INFO: [ app_begin ] --START--
INFO: Run Behavior\ReadHtmlCacheBehavior [ RunTime:0.001000s ]
INFO: [ app_begin ] --END-- [ RunTime:0.001000s ]
NOTIC: [8] Undefined offset: 0 D:\WWW\cnbb\cnbb_student\Application\Components\BaseController.class.php 第 17 行.
NOTIC: [2] file_get_contents(http://api.cainiaobangbang.com:8081/base/servers):  D:\WWW\cnbb\cnbb_student\Application\Home\Common\function.php 第 15 行.
NOTIC: [2] unlink(./Application/Runtime/Temp/8d777f385d3dfec8815d20f7496026dc.php): No such file or directory D:\WWW\cnbb\cnbb_student\ThinkPHP\Library\Think\Cache\Driver\File.class.php 第 157 行.
NOTIC: [2] Invalid argument supplied for foreach() D:\WWW\cnbb\cnbb_student\Application\Home\Common\function.php 第 36 行.
NOTIC: [8] Undefined variable: res D:\WWW\cnbb\cnbb_student\Application\Home\Common\function.php 第 42 行.

[ 2016-12-14T18:35:27+08:00 ] 127.0.0.1 /ajax/getmsgnum
INFO: [ app_init ] --START--
INFO: Run Behavior\BuildLiteBehavior [ RunTime:0.000000s ]
INFO: [ app_init ] --END-- [ RunTime:0.001000s ]
INFO: [ app_begin ] --START--
INFO: Run Behavior\ReadHtmlCacheBehavior [ RunTime:0.001000s ]
INFO: [ app_begin ] --END-- [ RunTime:0.001000s ]
NOTIC: [8] Undefined offset: 0 D:\WWW\cnbb\cnbb_student\Application\Components\BaseController.class.php 第 17 行.

[ 2016-12-14T18:35:48+08:00 ] 127.0.0.1 /ajax/getmsgnum
INFO: [ app_init ] --START--
INFO: Run Behavior\BuildLiteBehavior [ RunTime:0.000000s ]
INFO: [ app_init ] --END-- [ RunTime:0.000000s ]
INFO: [ app_begin ] --START--
INFO: Run Behavior\ReadHtmlCacheBehavior [ RunTime:0.002000s ]
INFO: [ app_begin ] --END-- [ RunTime:0.002000s ]
NOTIC: [8] Undefined offset: 0 D:\WWW\cnbb\cnbb_student\Application\Components\BaseController.class.php 第 17 行.

[ 2016-12-14T18:36:09+08:00 ] 127.0.0.1 /ajax/getmsgnum
INFO: [ app_init ] --START--
INFO: Run Behavior\BuildLiteBehavior [ RunTime:0.000000s ]
INFO: [ app_init ] --END-- [ RunTime:0.000000s ]
INFO: [ app_begin ] --START--
INFO: Run Behavior\ReadHtmlCacheBehavior [ RunTime:0.000000s ]
INFO: [ app_begin ] --END-- [ RunTime:0.000000s ]
NOTIC: [8] Undefined offset: 0 D:\WWW\cnbb\cnbb_student\Application\Components\BaseController.class.php 第 17 行.

[ 2016-12-14T18:36:30+08:00 ] 127.0.0.1 /ajax/getmsgnum
INFO: [ app_init ] --START--
INFO: Run Behavior\BuildLiteBehavior [ RunTime:0.000000s ]
INFO: [ app_init ] --END-- [ RunTime:0.000000s ]
INFO: [ app_begin ] --START--
INFO: Run Behavior\ReadHtmlCacheBehavior [ RunTime:0.001000s ]
INFO: [ app_begin ] --END-- [ RunTime:0.001000s ]
NOTIC: [8] Undefined offset: 0 D:\WWW\cnbb\cnbb_student\Application\Components\BaseController.class.php 第 17 行.

[ 2016-12-14T18:37:12+08:00 ] 127.0.0.1 /ajax/getmsgnum
INFO: [ app_init ] --START--
INFO: Run Behavior\BuildLiteBehavior [ RunTime:0.000000s ]
INFO: [ app_init ] --END-- [ RunTime:0.000000s ]
INFO: [ app_begin ] --START--
INFO: Run Behavior\ReadHtmlCacheBehavior [ RunTime:0.001000s ]
INFO: [ app_begin ] --END-- [ RunTime:0.001000s ]
NOTIC: [8] Undefined offset: 0 D:\WWW\cnbb\cnbb_student\Application\Components\BaseController.class.php 第 17 行.
NOTIC: [2] file_get_contents(http://api.cainiaobangbang.com:8081/base/servers):  D:\WWW\cnbb\cnbb_student\Application\Home\Common\function.php 第 15 行.
NOTIC: [2] unlink(./Application/Runtime/Temp/8d777f385d3dfec8815d20f7496026dc.php): No such file or directory D:\WWW\cnbb\cnbb_student\ThinkPHP\Library\Think\Cache\Driver\File.class.php 第 157 行.
NOTIC: [2] Invalid argument supplied for foreach() D:\WWW\cnbb\cnbb_student\Application\Home\Common\function.php 第 36 行.
NOTIC: [8] Undefined variable: res D:\WWW\cnbb\cnbb_student\Application\Home\Common\function.php 第 42 行.

[ 2016-12-14T18:37:33+08:00 ] 127.0.0.1 /ajax/getmsgnum
INFO: [ app_init ] --START--
INFO: Run Behavior\BuildLiteBehavior [ RunTime:0.000000s ]
INFO: [ app_init ] --END-- [ RunTime:0.001000s ]
INFO: [ app_begin ] --START--
INFO: Run Behavior\ReadHtmlCacheBehavior [ RunTime:0.001000s ]
INFO: [ app_begin ] --END-- [ RunTime:0.001000s ]
NOTIC: [8] Undefined offset: 0 D:\WWW\cnbb\cnbb_student\Application\Components\BaseController.class.php 第 17 行.

[ 2016-12-14T18:37:54+08:00 ] 127.0.0.1 /ajax/getmsgnum
INFO: [ app_init ] --START--
INFO: Run Behavior\BuildLiteBehavior [ RunTime:0.000000s ]
INFO: [ app_init ] --END-- [ RunTime:0.001001s ]
INFO: [ app_begin ] --START--
INFO: Run Behavior\ReadHtmlCacheBehavior [ RunTime:0.000000s ]
INFO: [ app_begin ] --END-- [ RunTime:0.001000s ]
NOTIC: [8] Undefined offset: 0 D:\WWW\cnbb\cnbb_student\Application\Components\BaseController.class.php 第 17 行.

[ 2016-12-14T18:47:24+08:00 ] 127.0.0.1 /index.html
INFO: [ app_init ] --START--
INFO: Run Behavior\BuildLiteBehavior [ RunTime:0.000000s ]
INFO: [ app_init ] --END-- [ RunTime:0.000000s ]
INFO: [ app_begin ] --START--
INFO: Run Behavior\ReadHtmlCacheBehavior [ RunTime:0.002000s ]
INFO: [ app_begin ] --END-- [ RunTime:0.003000s ]
NOTIC: [2] Declaration of Home\Controller\IndexController::error() should be compatible with Think\Controller::error($message = '', $jumpUrl = '', $ajax = false) D:\WWW\cnbb\cnbb_student\Application\Home\Controller\IndexController.class.php 第 342 行.
NOTIC: [8] Undefined index: HTTP_VIA D:\WWW\cnbb\cnbb_student\Application\Home\Common\function.php 第 807 行.
INFO: [ view_parse ] --START--
INFO: [ template_filter ] --START--
INFO: Run Behavior\ContentReplaceBehavior [ RunTime:0.020001s ]
INFO: [ template_filter ] --END-- [ RunTime:0.020001s ]
NOTIC: [8] Undefined variable: js D:\WWW\cnbb\cnbb_student\Application\Runtime\Cache\Home\2a94b8bda04ff446dcedd42276fc99ee.php 第 1 行.
NOTIC: [8] Undefined variable: browser D:\WWW\cnbb\cnbb_student\Application\Runtime\Cache\Home\2a94b8bda04ff446dcedd42276fc99ee.php 第 12 行.
NOTIC: [8] Use of undefined constant index - assumed 'index' D:\WWW\cnbb\cnbb_student\Application\Runtime\Cache\Home\2a94b8bda04ff446dcedd42276fc99ee.php 第 17 行.
INFO: Run Behavior\ParseTemplateBehavior [ RunTime:0.147008s ]
INFO: [ view_parse ] --END-- [ RunTime:0.147008s ]
INFO: [ view_filter ] --START--
INFO: Run Behavior\WriteHtmlCacheBehavior [ RunTime:0.000000s ]
INFO: [ view_filter ] --END-- [ RunTime:0.000000s ]
INFO: [ app_end ] --START--
INFO: Run Behavior\ShowPageTraceBehavior [ RunTime:0.000000s ]
INFO: [ app_end ] --END-- [ RunTime:0.000000s ]

[ 2016-12-14T18:47:30+08:00 ] 127.0.0.1 /post/MTQ4MTcxMjAy.html
INFO: [ app_init ] --START--
INFO: Run Behavior\BuildLiteBehavior [ RunTime:0.000000s ]
INFO: [ app_init ] --END-- [ RunTime:0.001001s ]
INFO: [ app_begin ] --START--
INFO: Run Behavior\ReadHtmlCacheBehavior [ RunTime:0.001000s ]
INFO: [ app_begin ] --END-- [ RunTime:0.001000s ]
NOTIC: [8] Undefined index: HTTP_VIA D:\WWW\cnbb\cnbb_student\Application\Home\Common\function.php 第 807 行.
NOTIC: [8] Undefined index: HTTP_VIA D:\WWW\cnbb\cnbb_student\Application\Home\Common\function.php 第 807 行.
NOTIC: [8] Undefined variable: device D:\WWW\cnbb\cnbb_student\Application\Home\Controller\PostController.class.php 第 254 行.
INFO: [ view_parse ] --START--
INFO: [ template_filter ] --START--
INFO: Run Behavior\ContentReplaceBehavior [ RunTime:0.000000s ]
INFO: [ template_filter ] --END-- [ RunTime:0.000000s ]
NOTIC: [8] Undefined variable: js D:\WWW\cnbb\cnbb_student\Application\Runtime\Cache\Home\0a37814b4239bd152d7e4f1fdb4d2abb.php 第 1 行.
NOTIC: [8] Undefined variable: browser D:\WWW\cnbb\cnbb_student\Application\Runtime\Cache\Home\0a37814b4239bd152d7e4f1fdb4d2abb.php 第 12 行.
NOTIC: [8] Undefined variable: nav D:\WWW\cnbb\cnbb_student\Application\Runtime\Cache\Home\0a37814b4239bd152d7e4f1fdb4d2abb.php 第 12 行.
NOTIC: [8] Undefined variable: nav D:\WWW\cnbb\cnbb_student\Application\Runtime\Cache\Home\0a37814b4239bd152d7e4f1fdb4d2abb.php 第 12 行.
NOTIC: [8] Undefined variable: nav D:\WWW\cnbb\cnbb_student\Application\Runtime\Cache\Home\0a37814b4239bd152d7e4f1fdb4d2abb.php 第 12 行.
NOTIC: [8] Use of undefined constant index - assumed 'index' D:\WWW\cnbb\cnbb_student\Application\Runtime\Cache\Home\0a37814b4239bd152d7e4f1fdb4d2abb.php 第 15 行.
NOTIC: [8] Use of undefined constant post - assumed 'post' D:\WWW\cnbb\cnbb_student\Application\Runtime\Cache\Home\0a37814b4239bd152d7e4f1fdb4d2abb.php 第 15 行.
INFO: Run Behavior\ParseTemplateBehavior [ RunTime:0.070004s ]
INFO: [ view_parse ] --END-- [ RunTime:0.070004s ]
INFO: [ view_filter ] --START--
INFO: Run Behavior\WriteHtmlCacheBehavior [ RunTime:0.000000s ]
INFO: [ view_filter ] --END-- [ RunTime:0.000000s ]
INFO: [ app_end ] --START--
INFO: Run Behavior\ShowPageTraceBehavior [ RunTime:0.001000s ]
INFO: [ app_end ] --END-- [ RunTime:0.001000s ]

[ 2016-12-14T18:47:31+08:00 ] 127.0.0.1 /ajax/simjob
INFO: [ app_init ] --START--
INFO: Run Behavior\BuildLiteBehavior [ RunTime:0.000000s ]
INFO: [ app_init ] --END-- [ RunTime:0.001000s ]
INFO: [ app_begin ] --START--
INFO: Run Behavior\ReadHtmlCacheBehavior [ RunTime:0.000000s ]
INFO: [ app_begin ] --END-- [ RunTime:0.000000s ]
INFO: [ view_parse ] --START--
INFO: [ template_filter ] --START--
INFO: Run Behavior\ContentReplaceBehavior [ RunTime:0.000000s ]
INFO: [ template_filter ] --END-- [ RunTime:0.000000s ]
INFO: Run Behavior\ParseTemplateBehavior [ RunTime:0.022001s ]
INFO: [ view_parse ] --END-- [ RunTime:0.022001s ]
INFO: [ view_filter ] --START--
INFO: Run Behavior\WriteHtmlCacheBehavior [ RunTime:0.000000s ]
INFO: [ view_filter ] --END-- [ RunTime:0.001000s ]

[ 2016-12-14T18:47:35+08:00 ] 127.0.0.1 /index.html
INFO: [ app_init ] --START--
INFO: Run Behavior\BuildLiteBehavior [ RunTime:0.000000s ]
INFO: [ app_init ] --END-- [ RunTime:0.000000s ]
INFO: [ app_begin ] --START--
INFO: Run Behavior\ReadHtmlCacheBehavior [ RunTime:0.001000s ]
INFO: [ app_begin ] --END-- [ RunTime:0.001000s ]
NOTIC: [2] Declaration of Home\Controller\IndexController::error() should be compatible with Think\Controller::error($message = '', $jumpUrl = '', $ajax = false) D:\WWW\cnbb\cnbb_student\Application\Home\Controller\IndexController.class.php 第 342 行.
NOTIC: [8] Undefined index: HTTP_VIA D:\WWW\cnbb\cnbb_student\Application\Home\Common\function.php 第 807 行.
INFO: [ view_parse ] --START--
INFO: [ template_filter ] --START--
INFO: Run Behavior\ContentReplaceBehavior [ RunTime:0.001000s ]
INFO: [ template_filter ] --END-- [ RunTime:0.002001s ]
NOTIC: [8] Undefined variable: js D:\WWW\cnbb\cnbb_student\Application\Runtime\Cache\Home\2a94b8bda04ff446dcedd42276fc99ee.php 第 1 行.
NOTIC: [8] Undefined variable: browser D:\WWW\cnbb\cnbb_student\Application\Runtime\Cache\Home\2a94b8bda04ff446dcedd42276fc99ee.php 第 12 行.
NOTIC: [8] Use of undefined constant index - assumed 'index' D:\WWW\cnbb\cnbb_student\Application\Runtime\Cache\Home\2a94b8bda04ff446dcedd42276fc99ee.php 第 17 行.
INFO: Run Behavior\ParseTemplateBehavior [ RunTime:0.016001s ]
INFO: [ view_parse ] --END-- [ RunTime:0.016001s ]
INFO: [ view_filter ] --START--
INFO: Run Behavior\WriteHtmlCacheBehavior [ RunTime:0.000000s ]
INFO: [ view_filter ] --END-- [ RunTime:0.000000s ]
INFO: [ app_end ] --START--
INFO: Run Behavior\ShowPageTraceBehavior [ RunTime:0.001000s ]
INFO: [ app_end ] --END-- [ RunTime:0.001000s ]

[ 2016-12-14T18:47:36+08:00 ] 127.0.0.1 /ajax/getmsgnum
INFO: [ app_init ] --START--
INFO: Run Behavior\BuildLiteBehavior [ RunTime:0.000000s ]
INFO: [ app_init ] --END-- [ RunTime:0.000000s ]
INFO: [ app_begin ] --START--
INFO: Run Behavior\ReadHtmlCacheBehavior [ RunTime:0.000000s ]
INFO: [ app_begin ] --END-- [ RunTime:0.000000s ]
NOTIC: [8] Undefined offset: 0 D:\WWW\cnbb\cnbb_student\Application\Components\BaseController.class.php 第 17 行.

[ 2016-12-14T18:48:26+08:00 ] 127.0.0.1 /ajax/getmsgnum
INFO: [ app_init ] --START--
INFO: Run Behavior\BuildLiteBehavior [ RunTime:0.000000s ]
INFO: [ app_init ] --END-- [ RunTime:0.001000s ]
INFO: [ app_begin ] --START--
INFO: Run Behavior\ReadHtmlCacheBehavior [ RunTime:0.001000s ]
INFO: [ app_begin ] --END-- [ RunTime:0.001000s ]
NOTIC: [8] Undefined offset: 0 D:\WWW\cnbb\cnbb_student\Application\Components\BaseController.class.php 第 17 行.

[ 2016-12-14T18:49:16+08:00 ] 127.0.0.1 /ajax/getmsgnum
INFO: [ app_init ] --START--
INFO: Run Behavior\BuildLiteBehavior [ RunTime:0.000000s ]
INFO: [ app_init ] --END-- [ RunTime:0.000000s ]
INFO: [ app_begin ] --START--
INFO: Run Behavior\ReadHtmlCacheBehavior [ RunTime:0.000000s ]
INFO: [ app_begin ] --END-- [ RunTime:0.000000s ]
NOTIC: [8] Undefined offset: 0 D:\WWW\cnbb\cnbb_student\Application\Components\BaseController.class.php 第 17 行.

[ 2016-12-14T18:50:06+08:00 ] 127.0.0.1 /ajax/getmsgnum
INFO: [ app_init ] --START--
INFO: Run Behavior\BuildLiteBehavior [ RunTime:0.000000s ]
INFO: [ app_init ] --END-- [ RunTime:0.000000s ]
INFO: [ app_begin ] --START--
INFO: Run Behavior\ReadHtmlCacheBehavior [ RunTime:0.000000s ]
INFO: [ app_begin ] --END-- [ RunTime:0.000000s ]
NOTIC: [8] Undefined offset: 0 D:\WWW\cnbb\cnbb_student\Application\Components\BaseController.class.php 第 17 行.

[ 2016-12-14T18:50:56+08:00 ] 127.0.0.1 /ajax/getmsgnum
INFO: [ app_init ] --START--
INFO: Run Behavior\BuildLiteBehavior [ RunTime:0.000000s ]
INFO: [ app_init ] --END-- [ RunTime:0.000000s ]
INFO: [ app_begin ] --START--
INFO: Run Behavior\ReadHtmlCacheBehavior [ RunTime:0.000000s ]
INFO: [ app_begin ] --END-- [ RunTime:0.000000s ]
NOTIC: [8] Undefined offset: 0 D:\WWW\cnbb\cnbb_student\Application\Components\BaseController.class.php 第 17 行.

[ 2016-12-14T18:51:47+08:00 ] 127.0.0.1 /ajax/getmsgnum
INFO: [ app_init ] --START--
INFO: Run Behavior\BuildLiteBehavior [ RunTime:0.000000s ]
INFO: [ app_init ] --END-- [ RunTime:0.001000s ]
INFO: [ app_begin ] --START--
INFO: Run Behavior\ReadHtmlCacheBehavior [ RunTime:0.000000s ]
INFO: [ app_begin ] --END-- [ RunTime:0.000000s ]
NOTIC: [8] Undefined offset: 0 D:\WWW\cnbb\cnbb_student\Application\Components\BaseController.class.php 第 17 行.

[ 2016-12-14T18:52:36+08:00 ] 127.0.0.1 /ajax/getmsgnum
INFO: [ app_init ] --START--
INFO: Run Behavior\BuildLiteBehavior [ RunTime:0.001000s ]
INFO: [ app_init ] --END-- [ RunTime:0.001000s ]
INFO: [ app_begin ] --START--
INFO: Run Behavior\ReadHtmlCacheBehavior [ RunTime:0.000000s ]
INFO: [ app_begin ] --END-- [ RunTime:0.000000s ]
NOTIC: [8] Undefined offset: 0 D:\WWW\cnbb\cnbb_student\Application\Components\BaseController.class.php 第 17 行.

[ 2016-12-14T18:53:26+08:00 ] 127.0.0.1 /ajax/getmsgnum
INFO: [ app_init ] --START--
INFO: Run Behavior\BuildLiteBehavior [ RunTime:0.000000s ]
INFO: [ app_init ] --END-- [ RunTime:0.001000s ]
INFO: [ app_begin ] --START--
INFO: Run Behavior\ReadHtmlCacheBehavior [ RunTime:0.001000s ]
INFO: [ app_begin ] --END-- [ RunTime:0.001000s ]
NOTIC: [8] Undefined offset: 0 D:\WWW\cnbb\cnbb_student\Application\Components\BaseController.class.php 第 17 行.

[ 2016-12-14T18:54:46+08:00 ] 192.168.191.3 /
INFO: [ app_init ] --START--
INFO: Run Behavior\BuildLiteBehavior [ RunTime:0.000000s ]
INFO: [ app_init ] --END-- [ RunTime:0.001000s ]
INFO: [ app_begin ] --START--
INFO: Run Behavior\ReadHtmlCacheBehavior [ RunTime:0.000000s ]
INFO: [ app_begin ] --END-- [ RunTime:0.000000s ]
NOTIC: [2] Declaration of Home\Controller\IndexController::error() should be compatible with Think\Controller::error($message = '', $jumpUrl = '', $ajax = false) D:\WWW\cnbb\cnbb_student\Application\Home\Controller\IndexController.class.php 第 342 行.
NOTIC: [8] Undefined index: HTTP_VIA D:\WWW\cnbb\cnbb_student\Application\Home\Common\function.php 第 807 行.
NOTIC: [8] Undefined index: HTTP_ACCEPT D:\WWW\cnbb\cnbb_student\Application\Home\Common\function.php 第 811 行.
NOTIC: [8] Undefined index: HTTP_USER_AGENT D:\WWW\cnbb\cnbb_student\Application\Home\Common\function.php 第 815 行.
INFO: [ view_parse ] --START--
INFO: [ template_filter ] --START--
INFO: Run Behavior\ContentReplaceBehavior [ RunTime:0.000000s ]
INFO: [ template_filter ] --END-- [ RunTime:0.000000s ]
NOTIC: [8] Undefined variable: js D:\WWW\cnbb\cnbb_student\Application\Runtime\Cache\Home\2a94b8bda04ff446dcedd42276fc99ee.php 第 1 行.
NOTIC: [8] Undefined variable: browser D:\WWW\cnbb\cnbb_student\Application\Runtime\Cache\Home\2a94b8bda04ff446dcedd42276fc99ee.php 第 12 行.
NOTIC: [8] Undefined index: member D:\WWW\cnbb\cnbb_student\Application\Runtime\Cache\Home\2a94b8bda04ff446dcedd42276fc99ee.php 第 12 行.
NOTIC: [8] Undefined index: HTTP_HOST D:\WWW\cnbb\cnbb_student\Application\Home\Common\function.php 第 785 行.
NOTIC: [8] Undefined index: member D:\WWW\cnbb\cnbb_student\Application\Runtime\Cache\Home\2a94b8bda04ff446dcedd42276fc99ee.php 第 12 行.
NOTIC: [8] Use of undefined constant index - assumed 'index' D:\WWW\cnbb\cnbb_student\Application\Runtime\Cache\Home\2a94b8bda04ff446dcedd42276fc99ee.php 第 17 行.
INFO: Run Behavior\ParseTemplateBehavior [ RunTime:0.021002s ]
INFO: [ view_parse ] --END-- [ RunTime:0.021002s ]
INFO: [ view_filter ] --START--
INFO: Run Behavior\WriteHtmlCacheBehavior [ RunTime:0.001000s ]
INFO: [ view_filter ] --END-- [ RunTime:0.001000s ]
INFO: [ app_end ] --START--
INFO: Run Behavior\ShowPageTraceBehavior [ RunTime:0.001000s ]
INFO: [ app_end ] --END-- [ RunTime:0.001000s ]

