[ 2016-11-02T10:12:30+08:00 ] 127.0.0.1 /favicon.ico
INFO: [ app_init ] --START--
INFO: Run Behavior\BuildLiteBehavior [ RunTime:0.000000s ]
INFO: [ app_init ] --END-- [ RunTime:0.000000s ]
ERR: 无法加载模块:Favicon

[ 2016-11-02T10:14:47+08:00 ] 192.168.0.91 //authlxMail?code=YncdM2wV3N6WLogHdlhGyWcc3ZB7jIT1GWQNtbsnNCr8gkjlGLRSmePdDsVc6hHs&time=63613678538
INFO: [ app_init ] --START--
INFO: Run Behavior\BuildLiteBehavior [ RunTime:0.000000s ]
INFO: [ app_init ] --END-- [ RunTime:0.001000s ]
ERR: 无法加载模块:AuthlxMail

[ 2016-11-02T10:14:47+08:00 ] 192.168.0.91 /favicon.ico
INFO: [ app_init ] --START--
INFO: Run Behavior\BuildLiteBehavior [ RunTime:0.000000s ]
INFO: [ app_init ] --END-- [ RunTime:0.000000s ]
ERR: 无法加载模块:Favicon

[ 2016-11-02T10:14:52+08:00 ] 192.168.0.91 /authlxMail?code=YncdM2wV3N6WLogHdlhGyWcc3ZB7jIT1GWQNtbsnNCr8gkjlGLRSmePdDsVc6hHs&time=63613678538
INFO: [ app_init ] --START--
INFO: Run Behavior\BuildLiteBehavior [ RunTime:0.000000s ]
INFO: [ app_init ] --END-- [ RunTime:0.000000s ]
ERR: 无法加载模块:AuthlxMail

[ 2016-11-02T10:14:57+08:00 ] 192.168.0.91 /authlxMail?code=YncdM2wV3N6WLogHdlhGyWcc3ZB7jIT1GWQNtbsnNCr8gkjlGLRSmePdDsVc6hHs&time=63613678538
INFO: [ app_init ] --START--
INFO: Run Behavior\BuildLiteBehavior [ RunTime:0.000000s ]
INFO: [ app_init ] --END-- [ RunTime:0.000000s ]
ERR: 无法加载模块:AuthlxMail

[ 2016-11-02T12:02:22+08:00 ] 127.0.0.1 /Public/js/layer/skin/default/icon.png
ERR: 无法加载模块:Public

[ 2016-11-02T12:02:31+08:00 ] 127.0.0.1 /Public/js/layer/skin/default/icon.png
ERR: 无法加载模块:Public

[ 2016-11-02T13:16:47+08:00 ] 192.168.0.91 /favicon.ico
ERR: 无法加载模块:Favicon

[ 2016-11-02T16:32:30+08:00 ] 127.0.0.1 /favicon.ico
INFO: [ app_init ] --START--
INFO: Run Behavior\BuildLiteBehavior [ RunTime:0.000000s ]
INFO: [ app_init ] --END-- [ RunTime:0.000000s ]
ERR: 无法加载模块:Favicon

[ 2016-11-02T16:32:36+08:00 ] 127.0.0.1 /favicon.ico
INFO: [ app_init ] --START--
INFO: Run Behavior\BuildLiteBehavior [ RunTime:0.000000s ]
INFO: [ app_init ] --END-- [ RunTime:0.000000s ]
ERR: 无法加载模块:Favicon

[ 2016-11-02T17:14:24+08:00 ] 127.0.0.1 /favicon.ico
INFO: [ app_init ] --START--
INFO: Run Behavior\BuildLiteBehavior [ RunTime:0.000000s ]
INFO: [ app_init ] --END-- [ RunTime:0.002000s ]
ERR: 无法加载模块:Favicon

[ 2016-11-02T17:15:05+08:00 ] 127.0.0.1 /Uploads/5819ae98eeb03.png%20height=
INFO: [ app_init ] --START--
INFO: Run Behavior\BuildLiteBehavior [ RunTime:0.000000s ]
INFO: [ app_init ] --END-- [ RunTime:0.001000s ]
ERR: 无法加载模块:Uploads

[ 2016-11-02T17:15:05+08:00 ] 127.0.0.1 /Uploads/5819ae98eeb03.png%20height=
INFO: [ app_init ] --START--
INFO: Run Behavior\BuildLiteBehavior [ RunTime:0.000000s ]
INFO: [ app_init ] --END-- [ RunTime:0.000000s ]
ERR: 无法加载模块:Uploads

[ 2016-11-02T18:44:49+08:00 ] 192.168.0.129 /favicon.ico
INFO: [ app_init ] --START--
INFO: Run Behavior\BuildLiteBehavior [ RunTime:0.000000s ]
INFO: [ app_init ] --END-- [ RunTime:0.000000s ]
ERR: 无法加载模块:Favicon

