[ 2016-10-14T13:55:13+08:00 ] 127.0.0.1 /resua
ERR: 无法加载模块:Resua

[ 2016-10-14T13:55:13+08:00 ] 127.0.0.1 /favicon.ico
ERR: 无法加载模块:Favicon

[ 2016-10-14T13:55:15+08:00 ] 127.0.0.1 /resua
ERR: 无法加载模块:Resua

[ 2016-10-14T14:02:56+08:00 ] 127.0.0.1 /1212a
INFO: [ app_init ] --START--
INFO: Run Behavior\BuildLiteBehavior [ RunTime:0.000000s ]
INFO: [ app_init ] --END-- [ RunTime:0.000000s ]
ERR: 无法加载模块:1212a

[ 2016-10-14T14:03:12+08:00 ] 127.0.0.1 /1212a
INFO: [ app_init ] --START--
INFO: Run Behavior\BuildLiteBehavior [ RunTime:0.000000s ]
INFO: [ app_init ] --END-- [ RunTime:0.000000s ]
ERR: 无法加载模块:1212a

[ 2016-10-14T14:03:29+08:00 ] 127.0.0.1 /1212a
INFO: [ app_init ] --START--
INFO: Run Behavior\BuildLiteBehavior [ RunTime:0.000000s ]
INFO: [ app_init ] --END-- [ RunTime:0.000000s ]
ERR: 无法加载模块:1212a
NOTIC: [2] include(D:\WWW\finance365\ThinkPHP\Tpl\think_exception.tpl): failed to open stream: No such file or directory D:\WWW\finance365\ThinkPHP\Library\Think\Think.class.php 第 314 行.
NOTIC: [2] include(): Failed opening 'D:\WWW\finance365\ThinkPHP/Tpl/think_exception.tpl' for inclusion (include_path='.;C:\php\pear') D:\WWW\finance365\ThinkPHP\Library\Think\Think.class.php 第 314 行.

[ 2016-10-14T14:03:30+08:00 ] 127.0.0.1 /1212a
INFO: [ app_init ] --START--
INFO: Run Behavior\BuildLiteBehavior [ RunTime:0.000000s ]
INFO: [ app_init ] --END-- [ RunTime:0.000000s ]
ERR: 无法加载模块:1212a
NOTIC: [2] include(D:\WWW\finance365\ThinkPHP\Tpl\think_exception.tpl): failed to open stream: No such file or directory D:\WWW\finance365\ThinkPHP\Library\Think\Think.class.php 第 314 行.
NOTIC: [2] include(): Failed opening 'D:\WWW\finance365\ThinkPHP/Tpl/think_exception.tpl' for inclusion (include_path='.;C:\php\pear') D:\WWW\finance365\ThinkPHP\Library\Think\Think.class.php 第 314 行.

[ 2016-10-14T14:03:30+08:00 ] 127.0.0.1 /1212a
INFO: [ app_init ] --START--
INFO: Run Behavior\BuildLiteBehavior [ RunTime:0.000000s ]
INFO: [ app_init ] --END-- [ RunTime:0.000000s ]
ERR: 无法加载模块:1212a
NOTIC: [2] include(D:\WWW\finance365\ThinkPHP\Tpl\think_exception.tpl): failed to open stream: No such file or directory D:\WWW\finance365\ThinkPHP\Library\Think\Think.class.php 第 314 行.
NOTIC: [2] include(): Failed opening 'D:\WWW\finance365\ThinkPHP/Tpl/think_exception.tpl' for inclusion (include_path='.;C:\php\pear') D:\WWW\finance365\ThinkPHP\Library\Think\Think.class.php 第 314 行.

[ 2016-10-14T14:03:30+08:00 ] 127.0.0.1 /1212a
INFO: [ app_init ] --START--
INFO: Run Behavior\BuildLiteBehavior [ RunTime:0.000000s ]
INFO: [ app_init ] --END-- [ RunTime:0.000000s ]
ERR: 无法加载模块:1212a
NOTIC: [2] include(D:\WWW\finance365\ThinkPHP\Tpl\think_exception.tpl): failed to open stream: No such file or directory D:\WWW\finance365\ThinkPHP\Library\Think\Think.class.php 第 314 行.
NOTIC: [2] include(): Failed opening 'D:\WWW\finance365\ThinkPHP/Tpl/think_exception.tpl' for inclusion (include_path='.;C:\php\pear') D:\WWW\finance365\ThinkPHP\Library\Think\Think.class.php 第 314 行.

[ 2016-10-14T14:05:32+08:00 ] 127.0.0.1 /1212a
INFO: [ app_init ] --START--
INFO: Run Behavior\BuildLiteBehavior [ RunTime:0.000000s ]
INFO: [ app_init ] --END-- [ RunTime:0.001000s ]
ERR: 无法加载模块:1212a
NOTIC: [2] include(D:\WWW\finance365\ThinkPHP/Tpl/think_exception.tpl): failed to open stream: No such file or directory D:\WWW\finance365\ThinkPHP\Library\Think\Think.class.php 第 314 行.
NOTIC: [2] include(): Failed opening 'D:\WWW\finance365\ThinkPHP/Tpl/think_exception.tpl' for inclusion (include_path='.;C:\php\pear') D:\WWW\finance365\ThinkPHP\Library\Think\Think.class.php 第 314 行.

[ 2016-10-14T14:05:33+08:00 ] 127.0.0.1 /1212a
INFO: [ app_init ] --START--
INFO: Run Behavior\BuildLiteBehavior [ RunTime:0.000000s ]
INFO: [ app_init ] --END-- [ RunTime:0.000000s ]
ERR: 无法加载模块:1212a
NOTIC: [2] include(D:\WWW\finance365\ThinkPHP/Tpl/think_exception.tpl): failed to open stream: No such file or directory D:\WWW\finance365\ThinkPHP\Library\Think\Think.class.php 第 314 行.
NOTIC: [2] include(): Failed opening 'D:\WWW\finance365\ThinkPHP/Tpl/think_exception.tpl' for inclusion (include_path='.;C:\php\pear') D:\WWW\finance365\ThinkPHP\Library\Think\Think.class.php 第 314 行.

[ 2016-10-14T14:05:37+08:00 ] 127.0.0.1 /1212a
INFO: [ app_init ] --START--
INFO: Run Behavior\BuildLiteBehavior [ RunTime:0.000000s ]
INFO: [ app_init ] --END-- [ RunTime:0.000000s ]
ERR: 无法加载模块:1212a
NOTIC: [2] include(D:\WWW\finance365\ThinkPHP/Tpl/think_exception.tpl): failed to open stream: No such file or directory D:\WWW\finance365\ThinkPHP\Library\Think\Think.class.php 第 314 行.
NOTIC: [2] include(): Failed opening 'D:\WWW\finance365\ThinkPHP/Tpl/think_exception.tpl' for inclusion (include_path='.;C:\php\pear') D:\WWW\finance365\ThinkPHP\Library\Think\Think.class.php 第 314 行.

[ 2016-10-14T14:06:20+08:00 ] 127.0.0.1 /1212a
INFO: [ app_init ] --START--
INFO: Run Behavior\BuildLiteBehavior [ RunTime:0.000000s ]
INFO: [ app_init ] --END-- [ RunTime:0.000000s ]
ERR: 无法加载模块:1212a
NOTIC: [2] include(MODULE_PATHView/Public/error.html): failed to open stream: No such file or directory D:\WWW\finance365\ThinkPHP\Library\Think\Think.class.php 第 314 行.
NOTIC: [2] include(): Failed opening 'MODULE_PATHView/Public/error.html' for inclusion (include_path='.;C:\php\pear') D:\WWW\finance365\ThinkPHP\Library\Think\Think.class.php 第 314 行.

[ 2016-10-14T14:06:21+08:00 ] 127.0.0.1 /1212a
INFO: [ app_init ] --START--
INFO: Run Behavior\BuildLiteBehavior [ RunTime:0.000000s ]
INFO: [ app_init ] --END-- [ RunTime:0.000000s ]
ERR: 无法加载模块:1212a
NOTIC: [2] include(MODULE_PATHView/Public/error.html): failed to open stream: No such file or directory D:\WWW\finance365\ThinkPHP\Library\Think\Think.class.php 第 314 行.
NOTIC: [2] include(): Failed opening 'MODULE_PATHView/Public/error.html' for inclusion (include_path='.;C:\php\pear') D:\WWW\finance365\ThinkPHP\Library\Think\Think.class.php 第 314 行.

[ 2016-10-14T14:06:21+08:00 ] 127.0.0.1 /1212a
INFO: [ app_init ] --START--
INFO: Run Behavior\BuildLiteBehavior [ RunTime:0.000000s ]
INFO: [ app_init ] --END-- [ RunTime:0.000000s ]
ERR: 无法加载模块:1212a
NOTIC: [2] include(MODULE_PATHView/Public/error.html): failed to open stream: No such file or directory D:\WWW\finance365\ThinkPHP\Library\Think\Think.class.php 第 314 行.
NOTIC: [2] include(): Failed opening 'MODULE_PATHView/Public/error.html' for inclusion (include_path='.;C:\php\pear') D:\WWW\finance365\ThinkPHP\Library\Think\Think.class.php 第 314 行.

[ 2016-10-14T14:06:21+08:00 ] 127.0.0.1 /1212a
INFO: [ app_init ] --START--
INFO: Run Behavior\BuildLiteBehavior [ RunTime:0.000000s ]
INFO: [ app_init ] --END-- [ RunTime:0.000000s ]
ERR: 无法加载模块:1212a
NOTIC: [2] include(MODULE_PATHView/Public/error.html): failed to open stream: No such file or directory D:\WWW\finance365\ThinkPHP\Library\Think\Think.class.php 第 314 行.
NOTIC: [2] include(): Failed opening 'MODULE_PATHView/Public/error.html' for inclusion (include_path='.;C:\php\pear') D:\WWW\finance365\ThinkPHP\Library\Think\Think.class.php 第 314 行.

[ 2016-10-14T14:06:22+08:00 ] 127.0.0.1 /1212a
INFO: [ app_init ] --START--
INFO: Run Behavior\BuildLiteBehavior [ RunTime:0.000000s ]
INFO: [ app_init ] --END-- [ RunTime:0.000000s ]
ERR: 无法加载模块:1212a
NOTIC: [2] include(MODULE_PATHView/Public/error.html): failed to open stream: No such file or directory D:\WWW\finance365\ThinkPHP\Library\Think\Think.class.php 第 314 行.
NOTIC: [2] include(): Failed opening 'MODULE_PATHView/Public/error.html' for inclusion (include_path='.;C:\php\pear') D:\WWW\finance365\ThinkPHP\Library\Think\Think.class.php 第 314 行.

[ 2016-10-14T14:06:22+08:00 ] 127.0.0.1 /1212a
INFO: [ app_init ] --START--
INFO: Run Behavior\BuildLiteBehavior [ RunTime:0.000000s ]
INFO: [ app_init ] --END-- [ RunTime:0.001000s ]
ERR: 无法加载模块:1212a
NOTIC: [2] include(MODULE_PATHView/Public/error.html): failed to open stream: No such file or directory D:\WWW\finance365\ThinkPHP\Library\Think\Think.class.php 第 314 行.
NOTIC: [2] include(): Failed opening 'MODULE_PATHView/Public/error.html' for inclusion (include_path='.;C:\php\pear') D:\WWW\finance365\ThinkPHP\Library\Think\Think.class.php 第 314 行.

[ 2016-10-14T14:06:40+08:00 ] 127.0.0.1 /1212a
INFO: [ app_init ] --START--
INFO: Run Behavior\BuildLiteBehavior [ RunTime:0.000000s ]
INFO: [ app_init ] --END-- [ RunTime:0.000000s ]
ERR: 无法加载模块:1212a
NOTIC: [2] include(./Application/View/Public/error.html): failed to open stream: No such file or directory D:\WWW\finance365\ThinkPHP\Library\Think\Think.class.php 第 314 行.
NOTIC: [2] include(): Failed opening './Application/View/Public/error.html' for inclusion (include_path='.;C:\php\pear') D:\WWW\finance365\ThinkPHP\Library\Think\Think.class.php 第 314 行.

[ 2016-10-14T14:26:09+08:00 ] 127.0.0.1 /1212a
INFO: [ app_init ] --START--
INFO: Run Behavior\BuildLiteBehavior [ RunTime:0.000000s ]
INFO: [ app_init ] --END-- [ RunTime:0.001000s ]
ERR: 无法加载模块:1212a
NOTIC: [8] Array to string conversion D:\WWW\finance365\ThinkPHP\Tpl\dispatch_jump.tpl 第 29 行.
NOTIC: [8] Undefined variable: jumpUrl D:\WWW\finance365\ThinkPHP\Tpl\dispatch_jump.tpl 第 33 行.
NOTIC: [8] Undefined variable: waitSecond D:\WWW\finance365\ThinkPHP\Tpl\dispatch_jump.tpl 第 33 行.

[ 2016-10-14T14:26:10+08:00 ] 127.0.0.1 /1212a
INFO: [ app_init ] --START--
INFO: Run Behavior\BuildLiteBehavior [ RunTime:0.000000s ]
INFO: [ app_init ] --END-- [ RunTime:0.001000s ]
ERR: 无法加载模块:1212a
NOTIC: [8] Array to string conversion D:\WWW\finance365\ThinkPHP\Tpl\dispatch_jump.tpl 第 29 行.
NOTIC: [8] Undefined variable: jumpUrl D:\WWW\finance365\ThinkPHP\Tpl\dispatch_jump.tpl 第 33 行.
NOTIC: [8] Undefined variable: waitSecond D:\WWW\finance365\ThinkPHP\Tpl\dispatch_jump.tpl 第 33 行.

[ 2016-10-14T14:26:11+08:00 ] 127.0.0.1 /1212a
INFO: [ app_init ] --START--
INFO: Run Behavior\BuildLiteBehavior [ RunTime:0.000000s ]
INFO: [ app_init ] --END-- [ RunTime:0.001000s ]
ERR: 无法加载模块:1212a
NOTIC: [8] Array to string conversion D:\WWW\finance365\ThinkPHP\Tpl\dispatch_jump.tpl 第 29 行.
NOTIC: [8] Undefined variable: jumpUrl D:\WWW\finance365\ThinkPHP\Tpl\dispatch_jump.tpl 第 33 行.
NOTIC: [8] Undefined variable: waitSecond D:\WWW\finance365\ThinkPHP\Tpl\dispatch_jump.tpl 第 33 行.

[ 2016-10-14T14:26:12+08:00 ] 127.0.0.1 /1212a
INFO: [ app_init ] --START--
INFO: Run Behavior\BuildLiteBehavior [ RunTime:0.000000s ]
INFO: [ app_init ] --END-- [ RunTime:0.000000s ]
ERR: 无法加载模块:1212a
NOTIC: [8] Array to string conversion D:\WWW\finance365\ThinkPHP\Tpl\dispatch_jump.tpl 第 29 行.
NOTIC: [8] Undefined variable: jumpUrl D:\WWW\finance365\ThinkPHP\Tpl\dispatch_jump.tpl 第 33 行.
NOTIC: [8] Undefined variable: waitSecond D:\WWW\finance365\ThinkPHP\Tpl\dispatch_jump.tpl 第 33 行.

[ 2016-10-14T14:26:13+08:00 ] 127.0.0.1 /1212a
INFO: [ app_init ] --START--
INFO: Run Behavior\BuildLiteBehavior [ RunTime:0.000000s ]
INFO: [ app_init ] --END-- [ RunTime:0.001000s ]
ERR: 无法加载模块:1212a
NOTIC: [8] Array to string conversion D:\WWW\finance365\ThinkPHP\Tpl\dispatch_jump.tpl 第 29 行.
NOTIC: [8] Undefined variable: jumpUrl D:\WWW\finance365\ThinkPHP\Tpl\dispatch_jump.tpl 第 33 行.
NOTIC: [8] Undefined variable: waitSecond D:\WWW\finance365\ThinkPHP\Tpl\dispatch_jump.tpl 第 33 行.

[ 2016-10-14T14:26:14+08:00 ] 127.0.0.1 /1212a
INFO: [ app_init ] --START--
INFO: Run Behavior\BuildLiteBehavior [ RunTime:0.000000s ]
INFO: [ app_init ] --END-- [ RunTime:0.001000s ]
ERR: 无法加载模块:1212a
NOTIC: [8] Array to string conversion D:\WWW\finance365\ThinkPHP\Tpl\dispatch_jump.tpl 第 29 行.
NOTIC: [8] Undefined variable: jumpUrl D:\WWW\finance365\ThinkPHP\Tpl\dispatch_jump.tpl 第 33 行.
NOTIC: [8] Undefined variable: waitSecond D:\WWW\finance365\ThinkPHP\Tpl\dispatch_jump.tpl 第 33 行.

[ 2016-10-14T14:26:16+08:00 ] 127.0.0.1 /1212a
INFO: [ app_init ] --START--
INFO: Run Behavior\BuildLiteBehavior [ RunTime:0.000000s ]
INFO: [ app_init ] --END-- [ RunTime:0.001000s ]
ERR: 无法加载模块:1212a
NOTIC: [8] Array to string conversion D:\WWW\finance365\ThinkPHP\Tpl\dispatch_jump.tpl 第 29 行.
NOTIC: [8] Undefined variable: jumpUrl D:\WWW\finance365\ThinkPHP\Tpl\dispatch_jump.tpl 第 33 行.
NOTIC: [8] Undefined variable: waitSecond D:\WWW\finance365\ThinkPHP\Tpl\dispatch_jump.tpl 第 33 行.

[ 2016-10-14T14:26:18+08:00 ] 127.0.0.1 /1212a
INFO: [ app_init ] --START--
INFO: Run Behavior\BuildLiteBehavior [ RunTime:0.000000s ]
INFO: [ app_init ] --END-- [ RunTime:0.000000s ]
ERR: 无法加载模块:1212a
NOTIC: [8] Array to string conversion D:\WWW\finance365\ThinkPHP\Tpl\dispatch_jump.tpl 第 29 行.
NOTIC: [8] Undefined variable: jumpUrl D:\WWW\finance365\ThinkPHP\Tpl\dispatch_jump.tpl 第 33 行.
NOTIC: [8] Undefined variable: waitSecond D:\WWW\finance365\ThinkPHP\Tpl\dispatch_jump.tpl 第 33 行.

[ 2016-10-14T14:26:20+08:00 ] 127.0.0.1 /1212a
INFO: [ app_init ] --START--
INFO: Run Behavior\BuildLiteBehavior [ RunTime:0.000000s ]
INFO: [ app_init ] --END-- [ RunTime:0.000000s ]
ERR: 无法加载模块:1212a
NOTIC: [8] Array to string conversion D:\WWW\finance365\ThinkPHP\Tpl\dispatch_jump.tpl 第 29 行.
NOTIC: [8] Undefined variable: jumpUrl D:\WWW\finance365\ThinkPHP\Tpl\dispatch_jump.tpl 第 33 行.
NOTIC: [8] Undefined variable: waitSecond D:\WWW\finance365\ThinkPHP\Tpl\dispatch_jump.tpl 第 33 行.

[ 2016-10-14T14:26:22+08:00 ] 127.0.0.1 /1212a
INFO: [ app_init ] --START--
INFO: Run Behavior\BuildLiteBehavior [ RunTime:0.000000s ]
INFO: [ app_init ] --END-- [ RunTime:0.000000s ]
ERR: 无法加载模块:1212a
NOTIC: [8] Array to string conversion D:\WWW\finance365\ThinkPHP\Tpl\dispatch_jump.tpl 第 29 行.
NOTIC: [8] Undefined variable: jumpUrl D:\WWW\finance365\ThinkPHP\Tpl\dispatch_jump.tpl 第 33 行.
NOTIC: [8] Undefined variable: waitSecond D:\WWW\finance365\ThinkPHP\Tpl\dispatch_jump.tpl 第 33 行.

[ 2016-10-14T14:26:24+08:00 ] 127.0.0.1 /1212a
INFO: [ app_init ] --START--
INFO: Run Behavior\BuildLiteBehavior [ RunTime:0.000000s ]
INFO: [ app_init ] --END-- [ RunTime:0.001000s ]
ERR: 无法加载模块:1212a
NOTIC: [8] Array to string conversion D:\WWW\finance365\ThinkPHP\Tpl\dispatch_jump.tpl 第 29 行.
NOTIC: [8] Undefined variable: jumpUrl D:\WWW\finance365\ThinkPHP\Tpl\dispatch_jump.tpl 第 33 行.
NOTIC: [8] Undefined variable: waitSecond D:\WWW\finance365\ThinkPHP\Tpl\dispatch_jump.tpl 第 33 行.

[ 2016-10-14T14:26:26+08:00 ] 127.0.0.1 /1212a
INFO: [ app_init ] --START--
INFO: Run Behavior\BuildLiteBehavior [ RunTime:0.000000s ]
INFO: [ app_init ] --END-- [ RunTime:0.000000s ]
ERR: 无法加载模块:1212a
NOTIC: [8] Array to string conversion D:\WWW\finance365\ThinkPHP\Tpl\dispatch_jump.tpl 第 29 行.
NOTIC: [8] Undefined variable: jumpUrl D:\WWW\finance365\ThinkPHP\Tpl\dispatch_jump.tpl 第 33 行.
NOTIC: [8] Undefined variable: waitSecond D:\WWW\finance365\ThinkPHP\Tpl\dispatch_jump.tpl 第 33 行.

[ 2016-10-14T14:26:28+08:00 ] 127.0.0.1 /1212a
INFO: [ app_init ] --START--
INFO: Run Behavior\BuildLiteBehavior [ RunTime:0.000000s ]
INFO: [ app_init ] --END-- [ RunTime:0.001001s ]
ERR: 无法加载模块:1212a
NOTIC: [8] Array to string conversion D:\WWW\finance365\ThinkPHP\Tpl\dispatch_jump.tpl 第 29 行.
NOTIC: [8] Undefined variable: jumpUrl D:\WWW\finance365\ThinkPHP\Tpl\dispatch_jump.tpl 第 33 行.
NOTIC: [8] Undefined variable: waitSecond D:\WWW\finance365\ThinkPHP\Tpl\dispatch_jump.tpl 第 33 行.

[ 2016-10-14T14:26:30+08:00 ] 127.0.0.1 /1212a
INFO: [ app_init ] --START--
INFO: Run Behavior\BuildLiteBehavior [ RunTime:0.001000s ]
INFO: [ app_init ] --END-- [ RunTime:0.001000s ]
ERR: 无法加载模块:1212a
NOTIC: [2] include(MODULE_PATHView/Public/error.html): failed to open stream: No such file or directory D:\WWW\finance365\ThinkPHP\Library\Think\Think.class.php 第 314 行.
NOTIC: [2] include(): Failed opening 'MODULE_PATHView/Public/error.html' for inclusion (include_path='.;C:\php\pear') D:\WWW\finance365\ThinkPHP\Library\Think\Think.class.php 第 314 行.

[ 2016-10-14T14:26:33+08:00 ] 127.0.0.1 /1212a
INFO: [ app_init ] --START--
INFO: Run Behavior\BuildLiteBehavior [ RunTime:0.000000s ]
INFO: [ app_init ] --END-- [ RunTime:0.000000s ]
ERR: 无法加载模块:1212a
NOTIC: [2] include(MODULE_PATHView/Public/error.html): failed to open stream: No such file or directory D:\WWW\finance365\ThinkPHP\Library\Think\Think.class.php 第 314 行.
NOTIC: [2] include(): Failed opening 'MODULE_PATHView/Public/error.html' for inclusion (include_path='.;C:\php\pear') D:\WWW\finance365\ThinkPHP\Library\Think\Think.class.php 第 314 行.

[ 2016-10-14T14:26:34+08:00 ] 127.0.0.1 /1212a
INFO: [ app_init ] --START--
INFO: Run Behavior\BuildLiteBehavior [ RunTime:0.000000s ]
INFO: [ app_init ] --END-- [ RunTime:0.000000s ]
ERR: 无法加载模块:1212a
NOTIC: [2] include(MODULE_PATHView/Public/error.html): failed to open stream: No such file or directory D:\WWW\finance365\ThinkPHP\Library\Think\Think.class.php 第 314 行.
NOTIC: [2] include(): Failed opening 'MODULE_PATHView/Public/error.html' for inclusion (include_path='.;C:\php\pear') D:\WWW\finance365\ThinkPHP\Library\Think\Think.class.php 第 314 行.

[ 2016-10-14T14:26:35+08:00 ] 127.0.0.1 /1212a
INFO: [ app_init ] --START--
INFO: Run Behavior\BuildLiteBehavior [ RunTime:0.000000s ]
INFO: [ app_init ] --END-- [ RunTime:0.000000s ]
ERR: 无法加载模块:1212a
NOTIC: [2] include(MODULE_PATHView/Public/error.html): failed to open stream: No such file or directory D:\WWW\finance365\ThinkPHP\Library\Think\Think.class.php 第 314 行.
NOTIC: [2] include(): Failed opening 'MODULE_PATHView/Public/error.html' for inclusion (include_path='.;C:\php\pear') D:\WWW\finance365\ThinkPHP\Library\Think\Think.class.php 第 314 行.

[ 2016-10-14T14:26:56+08:00 ] 127.0.0.1 /1212a
INFO: [ app_init ] --START--
INFO: Run Behavior\BuildLiteBehavior [ RunTime:0.000000s ]
INFO: [ app_init ] --END-- [ RunTime:0.000000s ]
ERR: 无法加载模块:1212a
NOTIC: [2] include(MODULE_PATHView/Public/error.html): failed to open stream: No such file or directory D:\WWW\finance365\ThinkPHP\Library\Think\Think.class.php 第 314 行.
NOTIC: [2] include(): Failed opening 'MODULE_PATHView/Public/error.html' for inclusion (include_path='.;C:\php\pear') D:\WWW\finance365\ThinkPHP\Library\Think\Think.class.php 第 314 行.

[ 2016-10-14T14:28:02+08:00 ] 127.0.0.1 /ASAS
INFO: [ app_init ] --START--
INFO: Run Behavior\BuildLiteBehavior [ RunTime:0.000000s ]
INFO: [ app_init ] --END-- [ RunTime:0.000000s ]
ERR: 无法加载模块:ASAS
NOTIC: [2] include(MODULE_PATHView/Public/error.html): failed to open stream: No such file or directory D:\WWW\finance365\ThinkPHP\Library\Think\Think.class.php 第 314 行.
NOTIC: [2] include(): Failed opening 'MODULE_PATHView/Public/error.html' for inclusion (include_path='.;C:\php\pear') D:\WWW\finance365\ThinkPHP\Library\Think\Think.class.php 第 314 行.

[ 2016-10-14T14:28:12+08:00 ] 127.0.0.1 /ASAS
INFO: [ app_init ] --START--
INFO: Run Behavior\BuildLiteBehavior [ RunTime:0.000000s ]
INFO: [ app_init ] --END-- [ RunTime:0.000000s ]
ERR: 无法加载模块:ASAS
NOTIC: [2] include(MODULE_PATHView/Public/error.html): failed to open stream: No such file or directory D:\WWW\finance365\ThinkPHP\Library\Think\Think.class.php 第 314 行.
NOTIC: [2] include(): Failed opening 'MODULE_PATHView/Public/error.html' for inclusion (include_path='.;C:\php\pear') D:\WWW\finance365\ThinkPHP\Library\Think\Think.class.php 第 314 行.

[ 2016-10-14T14:34:45+08:00 ] 127.0.0.1 /favicon.ico
INFO: [ app_init ] --START--
INFO: Run Behavior\BuildLiteBehavior [ RunTime:0.000000s ]
INFO: [ app_init ] --END-- [ RunTime:0.000000s ]
ERR: 无法加载模块:Favicon
NOTIC: [2] include(MODULE_PATHView/Public/error.html): failed to open stream: No such file or directory D:\WWW\finance365\ThinkPHP\Library\Think\Think.class.php 第 314 行.
NOTIC: [2] include(): Failed opening 'MODULE_PATHView/Public/error.html' for inclusion (include_path='.;C:\php\pear') D:\WWW\finance365\ThinkPHP\Library\Think\Think.class.php 第 314 行.

[ 2016-10-14T14:36:16+08:00 ] 127.0.0.1 /asas
INFO: [ app_init ] --START--
INFO: Run Behavior\BuildLiteBehavior [ RunTime:0.000000s ]
INFO: [ app_init ] --END-- [ RunTime:0.000000s ]
ERR: 无法加载模块:Asas
NOTIC: [2] include(MODULE_PATHView/Public/error.html): failed to open stream: No such file or directory D:\WWW\finance365\ThinkPHP\Library\Think\Think.class.php 第 314 行.
NOTIC: [2] include(): Failed opening 'MODULE_PATHView/Public/error.html' for inclusion (include_path='.;C:\php\pear') D:\WWW\finance365\ThinkPHP\Library\Think\Think.class.php 第 314 行.

[ 2016-10-14T14:36:31+08:00 ] 127.0.0.1 /asas
INFO: [ app_init ] --START--
INFO: Run Behavior\BuildLiteBehavior [ RunTime:0.000000s ]
INFO: [ app_init ] --END-- [ RunTime:0.000000s ]
ERR: 无法加载模块:Asas

[ 2016-10-14T14:36:31+08:00 ] 127.0.0.1 /__PUBLIC__/css/public.css
INFO: [ app_init ] --START--
INFO: Run Behavior\BuildLiteBehavior [ RunTime:0.000000s ]
INFO: [ app_init ] --END-- [ RunTime:0.001000s ]
ERR: 无法加载模块:__PUBLIC__

[ 2016-10-14T14:36:31+08:00 ] 127.0.0.1 /__PUBLIC__/img/error_cont.png
INFO: [ app_init ] --START--
INFO: Run Behavior\BuildLiteBehavior [ RunTime:0.000000s ]
INFO: [ app_init ] --END-- [ RunTime:0.000000s ]
ERR: 无法加载模块:__PUBLIC__

[ 2016-10-14T14:36:32+08:00 ] 127.0.0.1 /__PUBLIC__/img/error_sorry.png
INFO: [ app_init ] --START--
INFO: Run Behavior\BuildLiteBehavior [ RunTime:0.000000s ]
INFO: [ app_init ] --END-- [ RunTime:0.000000s ]
ERR: 无法加载模块:__PUBLIC__

[ 2016-10-14T14:36:33+08:00 ] 127.0.0.1 /asas
INFO: [ app_init ] --START--
INFO: Run Behavior\BuildLiteBehavior [ RunTime:0.000000s ]
INFO: [ app_init ] --END-- [ RunTime:0.000000s ]
ERR: 无法加载模块:Asas

[ 2016-10-14T14:36:33+08:00 ] 127.0.0.1 /__PUBLIC__/css/public.css
INFO: [ app_init ] --START--
INFO: Run Behavior\BuildLiteBehavior [ RunTime:0.000000s ]
INFO: [ app_init ] --END-- [ RunTime:0.000000s ]
ERR: 无法加载模块:__PUBLIC__

[ 2016-10-14T14:36:33+08:00 ] 127.0.0.1 /__PUBLIC__/img/error_cont.png
INFO: [ app_init ] --START--
INFO: Run Behavior\BuildLiteBehavior [ RunTime:0.000000s ]
INFO: [ app_init ] --END-- [ RunTime:0.000000s ]
ERR: 无法加载模块:__PUBLIC__

[ 2016-10-14T14:36:34+08:00 ] 127.0.0.1 /__PUBLIC__/img/error_sorry.png
INFO: [ app_init ] --START--
INFO: Run Behavior\BuildLiteBehavior [ RunTime:0.000000s ]
INFO: [ app_init ] --END-- [ RunTime:0.000000s ]
ERR: 无法加载模块:__PUBLIC__

[ 2016-10-14T14:36:53+08:00 ] 127.0.0.1 /__PUBLIC__/css/public.css
INFO: [ app_init ] --START--
INFO: Run Behavior\BuildLiteBehavior [ RunTime:0.000000s ]
INFO: [ app_init ] --END-- [ RunTime:0.000000s ]
ERR: 无法加载模块:__PUBLIC__

[ 2016-10-14T14:42:28+08:00 ] 127.0.0.1 /erasasr
INFO: [ app_init ] --START--
INFO: Run Behavior\BuildLiteBehavior [ RunTime:0.000000s ]
INFO: [ app_init ] --END-- [ RunTime:0.001000s ]
ERR: 无法加载模块:Erasasr
NOTIC: [2] include(./Application/Home/View/Public/error.html): failed to open stream: No such file or directory D:\WWW\finance365\ThinkPHP\Library\Think\Think.class.php 第 314 行.
NOTIC: [2] include(): Failed opening './Application/Home/View/Public/error.html' for inclusion (include_path='.;C:\php\pear') D:\WWW\finance365\ThinkPHP\Library\Think\Think.class.php 第 314 行.

[ 2016-10-14T14:42:41+08:00 ] 127.0.0.1 /erasasr
INFO: [ app_init ] --START--
INFO: Run Behavior\BuildLiteBehavior [ RunTime:0.000000s ]
INFO: [ app_init ] --END-- [ RunTime:0.000000s ]
ERR: 无法加载模块:Erasasr
NOTIC: [2] include(./Application/Home/View/Public/error.html): failed to open stream: No such file or directory D:\WWW\finance365\ThinkPHP\Library\Think\Think.class.php 第 314 行.
NOTIC: [2] include(): Failed opening './Application/Home/View/Public/error.html' for inclusion (include_path='.;C:\php\pear') D:\WWW\finance365\ThinkPHP\Library\Think\Think.class.php 第 314 行.

[ 2016-10-14T14:42:42+08:00 ] 127.0.0.1 /erasasr
INFO: [ app_init ] --START--
INFO: Run Behavior\BuildLiteBehavior [ RunTime:0.000000s ]
INFO: [ app_init ] --END-- [ RunTime:0.000000s ]
ERR: 无法加载模块:Erasasr
NOTIC: [2] include(./Application/Home/View/Public/error.html): failed to open stream: No such file or directory D:\WWW\finance365\ThinkPHP\Library\Think\Think.class.php 第 314 行.
NOTIC: [2] include(): Failed opening './Application/Home/View/Public/error.html' for inclusion (include_path='.;C:\php\pear') D:\WWW\finance365\ThinkPHP\Library\Think\Think.class.php 第 314 行.

[ 2016-10-14T14:42:42+08:00 ] 127.0.0.1 /erasasr
INFO: [ app_init ] --START--
INFO: Run Behavior\BuildLiteBehavior [ RunTime:0.000000s ]
INFO: [ app_init ] --END-- [ RunTime:0.000000s ]
ERR: 无法加载模块:Erasasr
NOTIC: [2] include(./Application/Home/View/Public/error.html): failed to open stream: No such file or directory D:\WWW\finance365\ThinkPHP\Library\Think\Think.class.php 第 314 行.
NOTIC: [2] include(): Failed opening './Application/Home/View/Public/error.html' for inclusion (include_path='.;C:\php\pear') D:\WWW\finance365\ThinkPHP\Library\Think\Think.class.php 第 314 行.

[ 2016-10-14T14:42:43+08:00 ] 127.0.0.1 /erasasr
INFO: [ app_init ] --START--
INFO: Run Behavior\BuildLiteBehavior [ RunTime:0.000000s ]
INFO: [ app_init ] --END-- [ RunTime:0.001000s ]
ERR: 无法加载模块:Erasasr
NOTIC: [2] include(./Application/Home/View/Public/error.html): failed to open stream: No such file or directory D:\WWW\finance365\ThinkPHP\Library\Think\Think.class.php 第 314 行.
NOTIC: [2] include(): Failed opening './Application/Home/View/Public/error.html' for inclusion (include_path='.;C:\php\pear') D:\WWW\finance365\ThinkPHP\Library\Think\Think.class.php 第 314 行.

[ 2016-10-14T14:42:43+08:00 ] 127.0.0.1 /erasasr
INFO: [ app_init ] --START--
INFO: Run Behavior\BuildLiteBehavior [ RunTime:0.000000s ]
INFO: [ app_init ] --END-- [ RunTime:0.000000s ]
ERR: 无法加载模块:Erasasr
NOTIC: [2] include(./Application/Home/View/Public/error.html): failed to open stream: No such file or directory D:\WWW\finance365\ThinkPHP\Library\Think\Think.class.php 第 314 行.
NOTIC: [2] include(): Failed opening './Application/Home/View/Public/error.html' for inclusion (include_path='.;C:\php\pear') D:\WWW\finance365\ThinkPHP\Library\Think\Think.class.php 第 314 行.

[ 2016-10-14T14:42:43+08:00 ] 127.0.0.1 /erasasr
INFO: [ app_init ] --START--
INFO: Run Behavior\BuildLiteBehavior [ RunTime:0.000000s ]
INFO: [ app_init ] --END-- [ RunTime:0.001000s ]
ERR: 无法加载模块:Erasasr
NOTIC: [2] include(./Application/Home/View/Public/error.html): failed to open stream: No such file or directory D:\WWW\finance365\ThinkPHP\Library\Think\Think.class.php 第 314 行.
NOTIC: [2] include(): Failed opening './Application/Home/View/Public/error.html' for inclusion (include_path='.;C:\php\pear') D:\WWW\finance365\ThinkPHP\Library\Think\Think.class.php 第 314 行.

[ 2016-10-14T14:43:19+08:00 ] 127.0.0.1 /erasasr
INFO: [ app_init ] --START--
INFO: Run Behavior\BuildLiteBehavior [ RunTime:0.000000s ]
INFO: [ app_init ] --END-- [ RunTime:0.000000s ]
ERR: 无法加载模块:Erasasr
NOTIC: [2] include(./Application/Home/View/Public/error.html): failed to open stream: No such file or directory D:\WWW\finance365\ThinkPHP\Library\Think\Think.class.php 第 314 行.
NOTIC: [2] include(): Failed opening './Application/Home/View/Public/error.html' for inclusion (include_path='.;C:\php\pear') D:\WWW\finance365\ThinkPHP\Library\Think\Think.class.php 第 314 行.

[ 2016-10-14T14:43:20+08:00 ] 127.0.0.1 /erasasr
INFO: [ app_init ] --START--
INFO: Run Behavior\BuildLiteBehavior [ RunTime:0.000000s ]
INFO: [ app_init ] --END-- [ RunTime:0.000000s ]
ERR: 无法加载模块:Erasasr
NOTIC: [2] include(./Application/Home/View/Public/error.html): failed to open stream: No such file or directory D:\WWW\finance365\ThinkPHP\Library\Think\Think.class.php 第 314 行.
NOTIC: [2] include(): Failed opening './Application/Home/View/Public/error.html' for inclusion (include_path='.;C:\php\pear') D:\WWW\finance365\ThinkPHP\Library\Think\Think.class.php 第 314 行.

[ 2016-10-14T14:43:35+08:00 ] 127.0.0.1 /erasasr
INFO: [ app_init ] --START--
INFO: Run Behavior\BuildLiteBehavior [ RunTime:0.000000s ]
INFO: [ app_init ] --END-- [ RunTime:0.001000s ]
ERR: 无法加载模块:Erasasr
NOTIC: [2] include(./Application/Home/View/Public/error.html): failed to open stream: No such file or directory D:\WWW\finance365\ThinkPHP\Library\Think\Think.class.php 第 314 行.
NOTIC: [2] include(): Failed opening './Application/Home/View/Public/error.html' for inclusion (include_path='.;C:\php\pear') D:\WWW\finance365\ThinkPHP\Library\Think\Think.class.php 第 314 行.

[ 2016-10-14T14:43:35+08:00 ] 127.0.0.1 /erasasr
INFO: [ app_init ] --START--
INFO: Run Behavior\BuildLiteBehavior [ RunTime:0.000000s ]
INFO: [ app_init ] --END-- [ RunTime:0.000000s ]
ERR: 无法加载模块:Erasasr
NOTIC: [2] include(./Application/Home/View/Public/error.html): failed to open stream: No such file or directory D:\WWW\finance365\ThinkPHP\Library\Think\Think.class.php 第 314 行.
NOTIC: [2] include(): Failed opening './Application/Home/View/Public/error.html' for inclusion (include_path='.;C:\php\pear') D:\WWW\finance365\ThinkPHP\Library\Think\Think.class.php 第 314 行.

[ 2016-10-14T14:43:35+08:00 ] 127.0.0.1 /erasasr
INFO: [ app_init ] --START--
INFO: Run Behavior\BuildLiteBehavior [ RunTime:0.000000s ]
INFO: [ app_init ] --END-- [ RunTime:0.001000s ]
ERR: 无法加载模块:Erasasr
NOTIC: [2] include(./Application/Home/View/Public/error.html): failed to open stream: No such file or directory D:\WWW\finance365\ThinkPHP\Library\Think\Think.class.php 第 314 行.
NOTIC: [2] include(): Failed opening './Application/Home/View/Public/error.html' for inclusion (include_path='.;C:\php\pear') D:\WWW\finance365\ThinkPHP\Library\Think\Think.class.php 第 314 行.

[ 2016-10-14T14:43:35+08:00 ] 127.0.0.1 /erasasr
INFO: [ app_init ] --START--
INFO: Run Behavior\BuildLiteBehavior [ RunTime:0.000000s ]
INFO: [ app_init ] --END-- [ RunTime:0.001000s ]
ERR: 无法加载模块:Erasasr
NOTIC: [2] include(./Application/Home/View/Public/error.html): failed to open stream: No such file or directory D:\WWW\finance365\ThinkPHP\Library\Think\Think.class.php 第 314 行.
NOTIC: [2] include(): Failed opening './Application/Home/View/Public/error.html' for inclusion (include_path='.;C:\php\pear') D:\WWW\finance365\ThinkPHP\Library\Think\Think.class.php 第 314 行.

[ 2016-10-14T14:43:44+08:00 ] 127.0.0.1 /erasasr
INFO: [ app_init ] --START--
INFO: Run Behavior\BuildLiteBehavior [ RunTime:0.000000s ]
INFO: [ app_init ] --END-- [ RunTime:0.001000s ]
ERR: 无法加载模块:Erasasr
NOTIC: [2] include(./Application/Home/View/Public/error.html): failed to open stream: No such file or directory D:\WWW\finance365\ThinkPHP\Library\Think\Think.class.php 第 314 行.
NOTIC: [2] include(): Failed opening './Application/Home/View/Public/error.html' for inclusion (include_path='.;C:\php\pear') D:\WWW\finance365\ThinkPHP\Library\Think\Think.class.php 第 314 行.

[ 2016-10-14T14:43:44+08:00 ] 127.0.0.1 /erasasr
INFO: [ app_init ] --START--
INFO: Run Behavior\BuildLiteBehavior [ RunTime:0.000000s ]
INFO: [ app_init ] --END-- [ RunTime:0.001000s ]
ERR: 无法加载模块:Erasasr
NOTIC: [2] include(./Application/Home/View/Public/error.html): failed to open stream: No such file or directory D:\WWW\finance365\ThinkPHP\Library\Think\Think.class.php 第 314 行.
NOTIC: [2] include(): Failed opening './Application/Home/View/Public/error.html' for inclusion (include_path='.;C:\php\pear') D:\WWW\finance365\ThinkPHP\Library\Think\Think.class.php 第 314 行.

[ 2016-10-14T14:43:45+08:00 ] 127.0.0.1 /erasasr
INFO: [ app_init ] --START--
INFO: Run Behavior\BuildLiteBehavior [ RunTime:0.000000s ]
INFO: [ app_init ] --END-- [ RunTime:0.001000s ]
ERR: 无法加载模块:Erasasr
NOTIC: [2] include(./Application/Home/View/Public/error.html): failed to open stream: No such file or directory D:\WWW\finance365\ThinkPHP\Library\Think\Think.class.php 第 314 行.
NOTIC: [2] include(): Failed opening './Application/Home/View/Public/error.html' for inclusion (include_path='.;C:\php\pear') D:\WWW\finance365\ThinkPHP\Library\Think\Think.class.php 第 314 行.

[ 2016-10-14T14:43:45+08:00 ] 127.0.0.1 /erasasr
INFO: [ app_init ] --START--
INFO: Run Behavior\BuildLiteBehavior [ RunTime:0.000000s ]
INFO: [ app_init ] --END-- [ RunTime:0.000000s ]
ERR: 无法加载模块:Erasasr
NOTIC: [2] include(./Application/Home/View/Public/error.html): failed to open stream: No such file or directory D:\WWW\finance365\ThinkPHP\Library\Think\Think.class.php 第 314 行.
NOTIC: [2] include(): Failed opening './Application/Home/View/Public/error.html' for inclusion (include_path='.;C:\php\pear') D:\WWW\finance365\ThinkPHP\Library\Think\Think.class.php 第 314 行.

[ 2016-10-14T14:43:45+08:00 ] 127.0.0.1 /erasasr
INFO: [ app_init ] --START--
INFO: Run Behavior\BuildLiteBehavior [ RunTime:0.000000s ]
INFO: [ app_init ] --END-- [ RunTime:0.000000s ]
ERR: 无法加载模块:Erasasr
NOTIC: [2] include(./Application/Home/View/Public/error.html): failed to open stream: No such file or directory D:\WWW\finance365\ThinkPHP\Library\Think\Think.class.php 第 314 行.
NOTIC: [2] include(): Failed opening './Application/Home/View/Public/error.html' for inclusion (include_path='.;C:\php\pear') D:\WWW\finance365\ThinkPHP\Library\Think\Think.class.php 第 314 行.

[ 2016-10-14T14:44:03+08:00 ] 127.0.0.1 /erasasr
INFO: [ app_init ] --START--
INFO: Run Behavior\BuildLiteBehavior [ RunTime:0.000000s ]
INFO: [ app_init ] --END-- [ RunTime:0.001000s ]
ERR: 无法加载模块:Erasasr
NOTIC: [2] include(./Application/Home/View/Public/error.html): failed to open stream: No such file or directory D:\WWW\finance365\ThinkPHP\Library\Think\Think.class.php 第 314 行.
NOTIC: [2] include(): Failed opening './Application/Home/View/Public/error.html' for inclusion (include_path='.;C:\php\pear') D:\WWW\finance365\ThinkPHP\Library\Think\Think.class.php 第 314 行.

[ 2016-10-14T14:44:04+08:00 ] 127.0.0.1 /erasasr
INFO: [ app_init ] --START--
INFO: Run Behavior\BuildLiteBehavior [ RunTime:0.000000s ]
INFO: [ app_init ] --END-- [ RunTime:0.000000s ]
ERR: 无法加载模块:Erasasr
NOTIC: [2] include(./Application/Home/View/Public/error.html): failed to open stream: No such file or directory D:\WWW\finance365\ThinkPHP\Library\Think\Think.class.php 第 314 行.
NOTIC: [2] include(): Failed opening './Application/Home/View/Public/error.html' for inclusion (include_path='.;C:\php\pear') D:\WWW\finance365\ThinkPHP\Library\Think\Think.class.php 第 314 行.

[ 2016-10-14T14:44:04+08:00 ] 127.0.0.1 /erasasr
INFO: [ app_init ] --START--
INFO: Run Behavior\BuildLiteBehavior [ RunTime:0.000000s ]
INFO: [ app_init ] --END-- [ RunTime:0.000000s ]
ERR: 无法加载模块:Erasasr
NOTIC: [2] include(./Application/Home/View/Public/error.html): failed to open stream: No such file or directory D:\WWW\finance365\ThinkPHP\Library\Think\Think.class.php 第 314 行.
NOTIC: [2] include(): Failed opening './Application/Home/View/Public/error.html' for inclusion (include_path='.;C:\php\pear') D:\WWW\finance365\ThinkPHP\Library\Think\Think.class.php 第 314 行.

[ 2016-10-14T14:44:04+08:00 ] 127.0.0.1 /erasasr
INFO: [ app_init ] --START--
INFO: Run Behavior\BuildLiteBehavior [ RunTime:0.000000s ]
INFO: [ app_init ] --END-- [ RunTime:0.000000s ]
ERR: 无法加载模块:Erasasr
NOTIC: [2] include(./Application/Home/View/Public/error.html): failed to open stream: No such file or directory D:\WWW\finance365\ThinkPHP\Library\Think\Think.class.php 第 314 行.
NOTIC: [2] include(): Failed opening './Application/Home/View/Public/error.html' for inclusion (include_path='.;C:\php\pear') D:\WWW\finance365\ThinkPHP\Library\Think\Think.class.php 第 314 行.

[ 2016-10-14T14:44:04+08:00 ] 127.0.0.1 /erasasr
INFO: [ app_init ] --START--
INFO: Run Behavior\BuildLiteBehavior [ RunTime:0.000000s ]
INFO: [ app_init ] --END-- [ RunTime:0.000000s ]
ERR: 无法加载模块:Erasasr
NOTIC: [2] include(./Application/Home/View/Public/error.html): failed to open stream: No such file or directory D:\WWW\finance365\ThinkPHP\Library\Think\Think.class.php 第 314 行.
NOTIC: [2] include(): Failed opening './Application/Home/View/Public/error.html' for inclusion (include_path='.;C:\php\pear') D:\WWW\finance365\ThinkPHP\Library\Think\Think.class.php 第 314 行.

[ 2016-10-14T14:44:05+08:00 ] 127.0.0.1 /erasasr
INFO: [ app_init ] --START--
INFO: Run Behavior\BuildLiteBehavior [ RunTime:0.000000s ]
INFO: [ app_init ] --END-- [ RunTime:0.001000s ]
ERR: 无法加载模块:Erasasr
NOTIC: [2] include(./Application/Home/View/Public/error.html): failed to open stream: No such file or directory D:\WWW\finance365\ThinkPHP\Library\Think\Think.class.php 第 314 行.
NOTIC: [2] include(): Failed opening './Application/Home/View/Public/error.html' for inclusion (include_path='.;C:\php\pear') D:\WWW\finance365\ThinkPHP\Library\Think\Think.class.php 第 314 行.

[ 2016-10-14T14:44:19+08:00 ] 127.0.0.1 /erasasr
INFO: [ app_init ] --START--
INFO: Run Behavior\BuildLiteBehavior [ RunTime:0.000000s ]
INFO: [ app_init ] --END-- [ RunTime:0.000000s ]
ERR: 无法加载模块:Erasasr
NOTIC: [2] include(./Application/Home/View/Public/error.html): failed to open stream: No such file or directory D:\WWW\finance365\ThinkPHP\Library\Think\Think.class.php 第 314 行.
NOTIC: [2] include(): Failed opening './Application/Home/View/Public/error.html' for inclusion (include_path='.;C:\php\pear') D:\WWW\finance365\ThinkPHP\Library\Think\Think.class.php 第 314 行.

[ 2016-10-14T14:44:19+08:00 ] 127.0.0.1 /erasasr
INFO: [ app_init ] --START--
INFO: Run Behavior\BuildLiteBehavior [ RunTime:0.000000s ]
INFO: [ app_init ] --END-- [ RunTime:0.001000s ]
ERR: 无法加载模块:Erasasr
NOTIC: [2] include(./Application/Home/View/Public/error.html): failed to open stream: No such file or directory D:\WWW\finance365\ThinkPHP\Library\Think\Think.class.php 第 314 行.
NOTIC: [2] include(): Failed opening './Application/Home/View/Public/error.html' for inclusion (include_path='.;C:\php\pear') D:\WWW\finance365\ThinkPHP\Library\Think\Think.class.php 第 314 行.

[ 2016-10-14T14:44:20+08:00 ] 127.0.0.1 /erasasr
INFO: [ app_init ] --START--
INFO: Run Behavior\BuildLiteBehavior [ RunTime:0.000000s ]
INFO: [ app_init ] --END-- [ RunTime:0.001000s ]
ERR: 无法加载模块:Erasasr
NOTIC: [2] include(./Application/Home/View/Public/error.html): failed to open stream: No such file or directory D:\WWW\finance365\ThinkPHP\Library\Think\Think.class.php 第 314 行.
NOTIC: [2] include(): Failed opening './Application/Home/View/Public/error.html' for inclusion (include_path='.;C:\php\pear') D:\WWW\finance365\ThinkPHP\Library\Think\Think.class.php 第 314 行.

[ 2016-10-14T14:44:20+08:00 ] 127.0.0.1 /erasasr
INFO: [ app_init ] --START--
INFO: Run Behavior\BuildLiteBehavior [ RunTime:0.000000s ]
INFO: [ app_init ] --END-- [ RunTime:0.000000s ]
ERR: 无法加载模块:Erasasr
NOTIC: [2] include(./Application/Home/View/Public/error.html): failed to open stream: No such file or directory D:\WWW\finance365\ThinkPHP\Library\Think\Think.class.php 第 314 行.
NOTIC: [2] include(): Failed opening './Application/Home/View/Public/error.html' for inclusion (include_path='.;C:\php\pear') D:\WWW\finance365\ThinkPHP\Library\Think\Think.class.php 第 314 行.

[ 2016-10-14T14:44:20+08:00 ] 127.0.0.1 /erasasr
INFO: [ app_init ] --START--
INFO: Run Behavior\BuildLiteBehavior [ RunTime:0.000000s ]
INFO: [ app_init ] --END-- [ RunTime:0.000000s ]
ERR: 无法加载模块:Erasasr
NOTIC: [2] include(./Application/Home/View/Public/error.html): failed to open stream: No such file or directory D:\WWW\finance365\ThinkPHP\Library\Think\Think.class.php 第 314 行.
NOTIC: [2] include(): Failed opening './Application/Home/View/Public/error.html' for inclusion (include_path='.;C:\php\pear') D:\WWW\finance365\ThinkPHP\Library\Think\Think.class.php 第 314 行.

[ 2016-10-14T14:44:20+08:00 ] 127.0.0.1 /erasasr
INFO: [ app_init ] --START--
INFO: Run Behavior\BuildLiteBehavior [ RunTime:0.000000s ]
INFO: [ app_init ] --END-- [ RunTime:0.001000s ]
ERR: 无法加载模块:Erasasr
NOTIC: [2] include(./Application/Home/View/Public/error.html): failed to open stream: No such file or directory D:\WWW\finance365\ThinkPHP\Library\Think\Think.class.php 第 314 行.
NOTIC: [2] include(): Failed opening './Application/Home/View/Public/error.html' for inclusion (include_path='.;C:\php\pear') D:\WWW\finance365\ThinkPHP\Library\Think\Think.class.php 第 314 行.

[ 2016-10-14T14:44:27+08:00 ] 127.0.0.1 /erasasr
INFO: [ app_init ] --START--
INFO: Run Behavior\BuildLiteBehavior [ RunTime:0.000000s ]
INFO: [ app_init ] --END-- [ RunTime:0.001000s ]
ERR: 无法加载模块:Erasasr
NOTIC: [2] include(./Application/Home/View/Public/error.html): failed to open stream: No such file or directory D:\WWW\finance365\ThinkPHP\Library\Think\Think.class.php 第 314 行.
NOTIC: [2] include(): Failed opening './Application/Home/View/Public/error.html' for inclusion (include_path='.;C:\php\pear') D:\WWW\finance365\ThinkPHP\Library\Think\Think.class.php 第 314 行.

[ 2016-10-14T14:44:28+08:00 ] 127.0.0.1 /erasasr
INFO: [ app_init ] --START--
INFO: Run Behavior\BuildLiteBehavior [ RunTime:0.000000s ]
INFO: [ app_init ] --END-- [ RunTime:0.000000s ]
ERR: 无法加载模块:Erasasr
NOTIC: [2] include(./Application/Home/View/Public/error.html): failed to open stream: No such file or directory D:\WWW\finance365\ThinkPHP\Library\Think\Think.class.php 第 314 行.
NOTIC: [2] include(): Failed opening './Application/Home/View/Public/error.html' for inclusion (include_path='.;C:\php\pear') D:\WWW\finance365\ThinkPHP\Library\Think\Think.class.php 第 314 行.

[ 2016-10-14T14:44:28+08:00 ] 127.0.0.1 /erasasr
INFO: [ app_init ] --START--
INFO: Run Behavior\BuildLiteBehavior [ RunTime:0.000000s ]
INFO: [ app_init ] --END-- [ RunTime:0.000000s ]
ERR: 无法加载模块:Erasasr
NOTIC: [2] include(./Application/Home/View/Public/error.html): failed to open stream: No such file or directory D:\WWW\finance365\ThinkPHP\Library\Think\Think.class.php 第 314 行.
NOTIC: [2] include(): Failed opening './Application/Home/View/Public/error.html' for inclusion (include_path='.;C:\php\pear') D:\WWW\finance365\ThinkPHP\Library\Think\Think.class.php 第 314 行.

[ 2016-10-14T14:44:28+08:00 ] 127.0.0.1 /erasasr
INFO: [ app_init ] --START--
INFO: Run Behavior\BuildLiteBehavior [ RunTime:0.000000s ]
INFO: [ app_init ] --END-- [ RunTime:0.001000s ]
ERR: 无法加载模块:Erasasr
NOTIC: [2] include(./Application/Home/View/Public/error.html): failed to open stream: No such file or directory D:\WWW\finance365\ThinkPHP\Library\Think\Think.class.php 第 314 行.
NOTIC: [2] include(): Failed opening './Application/Home/View/Public/error.html' for inclusion (include_path='.;C:\php\pear') D:\WWW\finance365\ThinkPHP\Library\Think\Think.class.php 第 314 行.

[ 2016-10-14T14:44:28+08:00 ] 127.0.0.1 /erasasr
INFO: [ app_init ] --START--
INFO: Run Behavior\BuildLiteBehavior [ RunTime:0.000000s ]
INFO: [ app_init ] --END-- [ RunTime:0.001000s ]
ERR: 无法加载模块:Erasasr
NOTIC: [2] include(./Application/Home/View/Public/error.html): failed to open stream: No such file or directory D:\WWW\finance365\ThinkPHP\Library\Think\Think.class.php 第 314 行.
NOTIC: [2] include(): Failed opening './Application/Home/View/Public/error.html' for inclusion (include_path='.;C:\php\pear') D:\WWW\finance365\ThinkPHP\Library\Think\Think.class.php 第 314 行.

[ 2016-10-14T14:44:37+08:00 ] 127.0.0.1 /erasasr
INFO: [ app_init ] --START--
INFO: Run Behavior\BuildLiteBehavior [ RunTime:0.000000s ]
INFO: [ app_init ] --END-- [ RunTime:0.000000s ]
ERR: 无法加载模块:Erasasr
NOTIC: [2] include(./Application/Home/View/Public/error.html): failed to open stream: No such file or directory D:\WWW\finance365\ThinkPHP\Library\Think\Think.class.php 第 314 行.
NOTIC: [2] include(): Failed opening './Application/Home/View/Public/error.html' for inclusion (include_path='.;C:\php\pear') D:\WWW\finance365\ThinkPHP\Library\Think\Think.class.php 第 314 行.

[ 2016-10-14T14:44:37+08:00 ] 127.0.0.1 /erasasr
INFO: [ app_init ] --START--
INFO: Run Behavior\BuildLiteBehavior [ RunTime:0.000000s ]
INFO: [ app_init ] --END-- [ RunTime:0.000000s ]
ERR: 无法加载模块:Erasasr
NOTIC: [2] include(./Application/Home/View/Public/error.html): failed to open stream: No such file or directory D:\WWW\finance365\ThinkPHP\Library\Think\Think.class.php 第 314 行.
NOTIC: [2] include(): Failed opening './Application/Home/View/Public/error.html' for inclusion (include_path='.;C:\php\pear') D:\WWW\finance365\ThinkPHP\Library\Think\Think.class.php 第 314 行.

[ 2016-10-14T14:44:37+08:00 ] 127.0.0.1 /erasasr
INFO: [ app_init ] --START--
INFO: Run Behavior\BuildLiteBehavior [ RunTime:0.000000s ]
INFO: [ app_init ] --END-- [ RunTime:0.001000s ]
ERR: 无法加载模块:Erasasr
NOTIC: [2] include(./Application/Home/View/Public/error.html): failed to open stream: No such file or directory D:\WWW\finance365\ThinkPHP\Library\Think\Think.class.php 第 314 行.
NOTIC: [2] include(): Failed opening './Application/Home/View/Public/error.html' for inclusion (include_path='.;C:\php\pear') D:\WWW\finance365\ThinkPHP\Library\Think\Think.class.php 第 314 行.

[ 2016-10-14T14:44:38+08:00 ] 127.0.0.1 /erasasr
INFO: [ app_init ] --START--
INFO: Run Behavior\BuildLiteBehavior [ RunTime:0.000000s ]
INFO: [ app_init ] --END-- [ RunTime:0.001000s ]
ERR: 无法加载模块:Erasasr
NOTIC: [2] include(./Application/Home/View/Public/error.html): failed to open stream: No such file or directory D:\WWW\finance365\ThinkPHP\Library\Think\Think.class.php 第 314 行.
NOTIC: [2] include(): Failed opening './Application/Home/View/Public/error.html' for inclusion (include_path='.;C:\php\pear') D:\WWW\finance365\ThinkPHP\Library\Think\Think.class.php 第 314 行.

[ 2016-10-14T14:45:48+08:00 ] 127.0.0.1 /erasasr
ERR: 无法加载模块:Erasasr

[ 2016-10-14T14:45:48+08:00 ] 127.0.0.1 /erasasr
ERR: 无法加载模块:Erasasr

[ 2016-10-14T14:45:48+08:00 ] 127.0.0.1 /erasasr
ERR: 无法加载模块:Erasasr

[ 2016-10-14T14:45:49+08:00 ] 127.0.0.1 /erasasr
ERR: 无法加载模块:Erasasr

[ 2016-10-14T14:45:54+08:00 ] 127.0.0.1 /asasasas
ERR: 无法加载模块:Asasasas

[ 2016-10-14T14:45:57+08:00 ] 127.0.0.1 /asasasas/1212/
ERR: 无法加载模块:Asasasas

[ 2016-10-14T14:48:09+08:00 ] 127.0.0.1 /asasasas/1212/
ERR: 无法加载模块:Asasasas

[ 2016-10-14T14:48:10+08:00 ] 127.0.0.1 /asasasas/1212/
ERR: 无法加载模块:Asasasas

[ 2016-10-14T14:48:10+08:00 ] 127.0.0.1 /asasasas/1212/
ERR: 无法加载模块:Asasasas

[ 2016-10-14T14:48:10+08:00 ] 127.0.0.1 /asasasas/1212/
ERR: 无法加载模块:Asasasas

[ 2016-10-14T14:48:11+08:00 ] 127.0.0.1 /asasasas/1212/
ERR: 无法加载模块:Asasasas

[ 2016-10-14T14:48:13+08:00 ] 127.0.0.1 /asasasas/1212/
ERR: 无法加载模块:Asasasas

[ 2016-10-14T14:48:33+08:00 ] 127.0.0.1 /Public/error.html'
ERR: 无法加载模块:Public

[ 2016-10-14T14:48:36+08:00 ] 127.0.0.1 /Public/__PUBLIC__/css/public.css
ERR: 无法加载模块:Public

[ 2016-10-14T14:48:36+08:00 ] 127.0.0.1 /Public/__PUBLIC__/img/error_cont.png
ERR: 无法加载模块:Public

[ 2016-10-14T14:48:37+08:00 ] 127.0.0.1 /Public/__PUBLIC__/img/error_sorry.png
ERR: 无法加载模块:Public

[ 2016-10-14T14:48:41+08:00 ] 127.0.0.1 /Public/__PUBLIC__/css/public.css
ERR: 无法加载模块:Public

[ 2016-10-14T14:50:01+08:00 ] 127.0.0.1 /css/public.css
ERR: 无法加载模块:Css

[ 2016-10-14T14:50:01+08:00 ] 127.0.0.1 /img/error_sorry.png
ERR: 无法加载模块:Img

[ 2016-10-14T14:50:01+08:00 ] 127.0.0.1 /img/error_cont.png
ERR: 无法加载模块:Img

[ 2016-10-14T14:50:03+08:00 ] 127.0.0.1 /img/error_sorry.png
ERR: 无法加载模块:Img

[ 2016-10-14T14:50:03+08:00 ] 127.0.0.1 /img/error_cont.png
ERR: 无法加载模块:Img

[ 2016-10-14T14:50:04+08:00 ] 127.0.0.1 /css/public.css
ERR: 无法加载模块:Css

[ 2016-10-14T14:50:11+08:00 ] 127.0.0.1 /css/public.css
ERR: 无法加载模块:Css

[ 2016-10-14T14:50:21+08:00 ] 127.0.0.1 /Public/__PUBLIC__/css/public.css
ERR: 无法加载模块:Public

[ 2016-10-14T14:52:11+08:00 ] 127.0.0.1 /asas
ERR: 无法加载模块:Asas

[ 2016-10-14T14:52:16+08:00 ] 127.0.0.1 /asas
ERR: 无法加载模块:Asas

[ 2016-10-14T14:52:23+08:00 ] 127.0.0.1 /asas
INFO: [ app_init ] --START--
INFO: Run Behavior\BuildLiteBehavior [ RunTime:0.000000s ]
INFO: [ app_init ] --END-- [ RunTime:0.000000s ]
ERR: 无法加载模块:Asas
NOTIC: [2] include(D:\WWW\finance365\ThinkPHP/Tpl/think_exception.tpl): failed to open stream: No such file or directory D:\WWW\finance365\ThinkPHP\Library\Think\Think.class.php 第 314 行.
NOTIC: [2] include(): Failed opening 'D:\WWW\finance365\ThinkPHP/Tpl/think_exception.tpl' for inclusion (include_path='.;C:\php\pear') D:\WWW\finance365\ThinkPHP\Library\Think\Think.class.php 第 314 行.

[ 2016-10-14T14:52:37+08:00 ] 127.0.0.1 /asas
INFO: [ app_init ] --START--
INFO: Run Behavior\BuildLiteBehavior [ RunTime:0.000000s ]
INFO: [ app_init ] --END-- [ RunTime:0.000000s ]
ERR: 无法加载模块:Asas

[ 2016-10-14T14:53:00+08:00 ] 127.0.0.1 /asas
ERR: 无法加载模块:Asas

[ 2016-10-14T14:53:01+08:00 ] 127.0.0.1 /asas
ERR: 无法加载模块:Asas

[ 2016-10-14T14:53:02+08:00 ] 127.0.0.1 /asas
ERR: 无法加载模块:Asas

[ 2016-10-14T14:53:02+08:00 ] 127.0.0.1 /asas
ERR: 无法加载模块:Asas

[ 2016-10-14T14:53:02+08:00 ] 127.0.0.1 /asas
ERR: 无法加载模块:Asas

[ 2016-10-14T14:53:02+08:00 ] 127.0.0.1 /asas
ERR: 无法加载模块:Asas

[ 2016-10-14T14:53:03+08:00 ] 127.0.0.1 /asas
ERR: 无法加载模块:Asas

[ 2016-10-14T14:53:04+08:00 ] 127.0.0.1 /asas
ERR: 无法加载模块:Asas

[ 2016-10-14T14:53:05+08:00 ] 127.0.0.1 /asas
ERR: 无法加载模块:Asas

[ 2016-10-14T14:53:18+08:00 ] 127.0.0.1 /asas
ERR: 无法加载模块:Asas

[ 2016-10-14T14:53:18+08:00 ] 127.0.0.1 /asas
ERR: 无法加载模块:Asas

[ 2016-10-14T14:53:19+08:00 ] 127.0.0.1 /asas
ERR: 无法加载模块:Asas

[ 2016-10-14T14:53:19+08:00 ] 127.0.0.1 /asas
ERR: 无法加载模块:Asas

[ 2016-10-14T14:53:19+08:00 ] 127.0.0.1 /asas
ERR: 无法加载模块:Asas

[ 2016-10-14T14:53:34+08:00 ] 127.0.0.1 /asas
ERR: 无法加载模块:Asas

[ 2016-10-14T14:53:34+08:00 ] 127.0.0.1 /asas
ERR: 无法加载模块:Asas

[ 2016-10-14T14:53:34+08:00 ] 127.0.0.1 /asas
ERR: 无法加载模块:Asas

[ 2016-10-14T14:53:34+08:00 ] 127.0.0.1 /asas
ERR: 无法加载模块:Asas

[ 2016-10-14T14:53:35+08:00 ] 127.0.0.1 /asas
ERR: 无法加载模块:Asas

[ 2016-10-14T14:53:35+08:00 ] 127.0.0.1 /asas
ERR: 无法加载模块:Asas

[ 2016-10-14T14:53:35+08:00 ] 127.0.0.1 /asas
ERR: 无法加载模块:Asas

[ 2016-10-14T14:53:41+08:00 ] 127.0.0.1 /asas
ERR: 无法加载模块:Asas

[ 2016-10-14T14:53:42+08:00 ] 127.0.0.1 /asas
ERR: 无法加载模块:Asas

[ 2016-10-14T14:53:42+08:00 ] 127.0.0.1 /asas
ERR: 无法加载模块:Asas

[ 2016-10-14T14:53:42+08:00 ] 127.0.0.1 /asas
ERR: 无法加载模块:Asas

[ 2016-10-14T14:53:43+08:00 ] 127.0.0.1 /asas
ERR: 无法加载模块:Asas

[ 2016-10-14T14:53:43+08:00 ] 127.0.0.1 /asas
ERR: 无法加载模块:Asas

[ 2016-10-14T14:53:43+08:00 ] 127.0.0.1 /asas
ERR: 无法加载模块:Asas

[ 2016-10-14T14:53:51+08:00 ] 127.0.0.1 /121212
ERR: 无法加载模块:121212

[ 2016-10-14T14:54:24+08:00 ] 127.0.0.1 /121212
ERR: 无法加载模块:121212

[ 2016-10-14T14:54:25+08:00 ] 127.0.0.1 /121212
ERR: 无法加载模块:121212

[ 2016-10-14T14:54:27+08:00 ] 127.0.0.1 /121212
ERR: 无法加载模块:121212

[ 2016-10-14T15:02:08+08:00 ] 127.0.0.1 /favicon.ico
ERR: 无法加载模块:Favicon

[ 2016-10-14T15:12:56+08:00 ] 127.0.0.1 /asasas/detail/MTQ3NjasasasMzUw.html
INFO: [ app_init ] --START--
INFO: Run Behavior\BuildLiteBehavior [ RunTime:0.000000s ]
INFO: [ app_init ] --END-- [ RunTime:0.000000s ]
ERR: 无法加载模块:Asasas

[ 2016-10-14T15:21:03+08:00 ] 127.0.0.1 /post/MTQ3NjQyMTA0.html
INFO: [ app_init ] --START--
INFO: Run Behavior\BuildLiteBehavior [ RunTime:0.000000s ]
INFO: [ app_init ] --END-- [ RunTime:0.000000s ]
ERR: 无法加载模块:Post

[ 2016-10-14T15:22:25+08:00 ] 192.168.0.132 /post/MTQ3NjQyMTAw.html
INFO: [ app_init ] --START--
INFO: Run Behavior\BuildLiteBehavior [ RunTime:0.000000s ]
INFO: [ app_init ] --END-- [ RunTime:0.000000s ]
ERR: 无法加载模块:Post

[ 2016-10-14T15:22:26+08:00 ] 192.168.0.132 /favicon.ico
INFO: [ app_init ] --START--
INFO: Run Behavior\BuildLiteBehavior [ RunTime:0.000000s ]
INFO: [ app_init ] --END-- [ RunTime:0.000000s ]
ERR: 无法加载模块:Favicon

[ 2016-10-14T15:22:26+08:00 ] 192.168.0.132 /favicon.ico
INFO: [ app_init ] --START--
INFO: Run Behavior\BuildLiteBehavior [ RunTime:0.000000s ]
INFO: [ app_init ] --END-- [ RunTime:0.001000s ]
ERR: 无法加载模块:Favicon

[ 2016-10-14T15:22:28+08:00 ] 192.168.0.132 /post/MTQ3NjQyMTAw.html
INFO: [ app_init ] --START--
INFO: Run Behavior\BuildLiteBehavior [ RunTime:0.000000s ]
INFO: [ app_init ] --END-- [ RunTime:0.000000s ]
ERR: 无法加载模块:Post

[ 2016-10-14T15:22:29+08:00 ] 192.168.0.132 /post/MTQ3NjQyMTAw.html
INFO: [ app_init ] --START--
INFO: Run Behavior\BuildLiteBehavior [ RunTime:0.000000s ]
INFO: [ app_init ] --END-- [ RunTime:0.000000s ]
ERR: 无法加载模块:Post

[ 2016-10-14T15:22:30+08:00 ] 192.168.0.132 /post/MTQ3NjQyMTAw.html
INFO: [ app_init ] --START--
INFO: Run Behavior\BuildLiteBehavior [ RunTime:0.000000s ]
INFO: [ app_init ] --END-- [ RunTime:0.001000s ]
ERR: 无法加载模块:Post

[ 2016-10-14T15:23:10+08:00 ] 192.168.0.132 /post/MTQ3NjQyMTAw.html
INFO: [ app_init ] --START--
INFO: Run Behavior\BuildLiteBehavior [ RunTime:0.000000s ]
INFO: [ app_init ] --END-- [ RunTime:0.001000s ]
ERR: 无法加载模块:Post

[ 2016-10-14T15:23:13+08:00 ] 192.168.0.132 /post/MTQ3NjQyMTAw.html
INFO: [ app_init ] --START--
INFO: Run Behavior\BuildLiteBehavior [ RunTime:0.000000s ]
INFO: [ app_init ] --END-- [ RunTime:0.001000s ]
ERR: 无法加载模块:Post

[ 2016-10-14T15:23:14+08:00 ] 192.168.0.132 /post/MTQ3NjQyMTAw.html
INFO: [ app_init ] --START--
INFO: Run Behavior\BuildLiteBehavior [ RunTime:0.000000s ]
INFO: [ app_init ] --END-- [ RunTime:0.001000s ]
ERR: 无法加载模块:Post

[ 2016-10-14T15:23:45+08:00 ] 192.168.0.132 /post/MTQ3NjQyMTAw.html
INFO: [ app_init ] --START--
INFO: Run Behavior\BuildLiteBehavior [ RunTime:0.000000s ]
INFO: [ app_init ] --END-- [ RunTime:0.001000s ]
ERR: 无法加载模块:Post

[ 2016-10-14T15:23:45+08:00 ] 192.168.0.132 /post/MTQ3NjQyMTAw.html
INFO: [ app_init ] --START--
INFO: Run Behavior\BuildLiteBehavior [ RunTime:0.000000s ]
INFO: [ app_init ] --END-- [ RunTime:0.001000s ]
ERR: 无法加载模块:Post

[ 2016-10-14T15:23:46+08:00 ] 192.168.0.132 /post/MTQ3NjQyMTAw.html
INFO: [ app_init ] --START--
INFO: Run Behavior\BuildLiteBehavior [ RunTime:0.000000s ]
INFO: [ app_init ] --END-- [ RunTime:0.001000s ]
ERR: 无法加载模块:Post

[ 2016-10-14T15:23:46+08:00 ] 192.168.0.132 /post/MTQ3NjQyMTAw.html
INFO: [ app_init ] --START--
INFO: Run Behavior\BuildLiteBehavior [ RunTime:0.000000s ]
INFO: [ app_init ] --END-- [ RunTime:0.001000s ]
ERR: 无法加载模块:Post

[ 2016-10-14T15:23:46+08:00 ] 192.168.0.132 /post/MTQ3NjQyMTAw.html
INFO: [ app_init ] --START--
INFO: Run Behavior\BuildLiteBehavior [ RunTime:0.000000s ]
INFO: [ app_init ] --END-- [ RunTime:0.001000s ]
ERR: 无法加载模块:Post

[ 2016-10-14T15:23:46+08:00 ] 192.168.0.132 /post/MTQ3NjQyMTAw.html
INFO: [ app_init ] --START--
INFO: Run Behavior\BuildLiteBehavior [ RunTime:0.000000s ]
INFO: [ app_init ] --END-- [ RunTime:0.000000s ]
ERR: 无法加载模块:Post

[ 2016-10-14T15:23:47+08:00 ] 192.168.0.132 /post/MTQ3NjQyMTAw.html
INFO: [ app_init ] --START--
INFO: Run Behavior\BuildLiteBehavior [ RunTime:0.000000s ]
INFO: [ app_init ] --END-- [ RunTime:0.001000s ]
ERR: 无法加载模块:Post

[ 2016-10-14T15:23:47+08:00 ] 192.168.0.132 /post/MTQ3NjQyMTAw.html
INFO: [ app_init ] --START--
INFO: Run Behavior\BuildLiteBehavior [ RunTime:0.000000s ]
INFO: [ app_init ] --END-- [ RunTime:0.000000s ]
ERR: 无法加载模块:Post

[ 2016-10-14T15:23:47+08:00 ] 192.168.0.132 /post/MTQ3NjQyMTAw.html
INFO: [ app_init ] --START--
INFO: Run Behavior\BuildLiteBehavior [ RunTime:0.000000s ]
INFO: [ app_init ] --END-- [ RunTime:0.000000s ]
ERR: 无法加载模块:Post

[ 2016-10-14T15:23:48+08:00 ] 192.168.0.132 /post/MTQ3NjQyMTAw.html
INFO: [ app_init ] --START--
INFO: Run Behavior\BuildLiteBehavior [ RunTime:0.000000s ]
INFO: [ app_init ] --END-- [ RunTime:0.000000s ]
ERR: 无法加载模块:Post

[ 2016-10-14T15:23:48+08:00 ] 192.168.0.132 /post/MTQ3NjQyMTAw.html
INFO: [ app_init ] --START--
INFO: Run Behavior\BuildLiteBehavior [ RunTime:0.000000s ]
INFO: [ app_init ] --END-- [ RunTime:0.001000s ]
ERR: 无法加载模块:Post

[ 2016-10-14T15:23:48+08:00 ] 192.168.0.132 /post/MTQ3NjQyMTAw.html
INFO: [ app_init ] --START--
INFO: Run Behavior\BuildLiteBehavior [ RunTime:0.000000s ]
INFO: [ app_init ] --END-- [ RunTime:0.000000s ]
ERR: 无法加载模块:Post

[ 2016-10-14T15:23:48+08:00 ] 192.168.0.132 /post/MTQ3NjQyMTAw.html
INFO: [ app_init ] --START--
INFO: Run Behavior\BuildLiteBehavior [ RunTime:0.000000s ]
INFO: [ app_init ] --END-- [ RunTime:0.000000s ]
ERR: 无法加载模块:Post

[ 2016-10-14T15:23:48+08:00 ] 192.168.0.132 /post/MTQ3NjQyMTAw.html
INFO: [ app_init ] --START--
INFO: Run Behavior\BuildLiteBehavior [ RunTime:0.000000s ]
INFO: [ app_init ] --END-- [ RunTime:0.000000s ]
ERR: 无法加载模块:Post

[ 2016-10-14T15:23:49+08:00 ] 192.168.0.132 /post/MTQ3NjQyMTAw.html
INFO: [ app_init ] --START--
INFO: Run Behavior\BuildLiteBehavior [ RunTime:0.000000s ]
INFO: [ app_init ] --END-- [ RunTime:0.001000s ]
ERR: 无法加载模块:Post

[ 2016-10-14T15:23:49+08:00 ] 192.168.0.132 /post/MTQ3NjQyMTAw.html
INFO: [ app_init ] --START--
INFO: Run Behavior\BuildLiteBehavior [ RunTime:0.000000s ]
INFO: [ app_init ] --END-- [ RunTime:0.001000s ]
ERR: 无法加载模块:Post

[ 2016-10-14T15:23:49+08:00 ] 192.168.0.132 /post/MTQ3NjQyMTAw.html
INFO: [ app_init ] --START--
INFO: Run Behavior\BuildLiteBehavior [ RunTime:0.000000s ]
INFO: [ app_init ] --END-- [ RunTime:0.000000s ]
ERR: 无法加载模块:Post

[ 2016-10-14T15:23:49+08:00 ] 192.168.0.132 /post/MTQ3NjQyMTAw.html
INFO: [ app_init ] --START--
INFO: Run Behavior\BuildLiteBehavior [ RunTime:0.000000s ]
INFO: [ app_init ] --END-- [ RunTime:0.000000s ]
ERR: 无法加载模块:Post

[ 2016-10-14T15:23:51+08:00 ] 192.168.0.132 /post/MTQ3NjQyMTAw.html
INFO: [ app_init ] --START--
INFO: Run Behavior\BuildLiteBehavior [ RunTime:0.000000s ]
INFO: [ app_init ] --END-- [ RunTime:0.000000s ]
ERR: 无法加载模块:Post

[ 2016-10-14T15:23:51+08:00 ] 192.168.0.132 /post/MTQ3NjQyMTAw.html
INFO: [ app_init ] --START--
INFO: Run Behavior\BuildLiteBehavior [ RunTime:0.000000s ]
INFO: [ app_init ] --END-- [ RunTime:0.000000s ]
ERR: 无法加载模块:Post

[ 2016-10-14T15:23:51+08:00 ] 192.168.0.132 /post/MTQ3NjQyMTAw.html
INFO: [ app_init ] --START--
INFO: Run Behavior\BuildLiteBehavior [ RunTime:0.000000s ]
INFO: [ app_init ] --END-- [ RunTime:0.000000s ]
ERR: 无法加载模块:Post

[ 2016-10-14T15:23:51+08:00 ] 192.168.0.132 /post/MTQ3NjQyMTAw.html
INFO: [ app_init ] --START--
INFO: Run Behavior\BuildLiteBehavior [ RunTime:0.000000s ]
INFO: [ app_init ] --END-- [ RunTime:0.000000s ]
ERR: 无法加载模块:Post

[ 2016-10-14T15:23:51+08:00 ] 192.168.0.132 /post/MTQ3NjQyMTAw.html
INFO: [ app_init ] --START--
INFO: Run Behavior\BuildLiteBehavior [ RunTime:0.000000s ]
INFO: [ app_init ] --END-- [ RunTime:0.001000s ]
ERR: 无法加载模块:Post

[ 2016-10-14T15:23:52+08:00 ] 192.168.0.132 /post/MTQ3NjQyMTAw.html
INFO: [ app_init ] --START--
INFO: Run Behavior\BuildLiteBehavior [ RunTime:0.000000s ]
INFO: [ app_init ] --END-- [ RunTime:0.001000s ]
ERR: 无法加载模块:Post

[ 2016-10-14T15:23:52+08:00 ] 192.168.0.132 /post/MTQ3NjQyMTAw.html
INFO: [ app_init ] --START--
INFO: Run Behavior\BuildLiteBehavior [ RunTime:0.000000s ]
INFO: [ app_init ] --END-- [ RunTime:0.000000s ]
ERR: 无法加载模块:Post

[ 2016-10-14T15:23:52+08:00 ] 192.168.0.132 /post/MTQ3NjQyMTAw.html
INFO: [ app_init ] --START--
INFO: Run Behavior\BuildLiteBehavior [ RunTime:0.000000s ]
INFO: [ app_init ] --END-- [ RunTime:0.001000s ]
ERR: 无法加载模块:Post

[ 2016-10-14T15:23:52+08:00 ] 192.168.0.132 /post/MTQ3NjQyMTAw.html
INFO: [ app_init ] --START--
INFO: Run Behavior\BuildLiteBehavior [ RunTime:0.000000s ]
INFO: [ app_init ] --END-- [ RunTime:0.000000s ]
ERR: 无法加载模块:Post

[ 2016-10-14T15:23:52+08:00 ] 192.168.0.132 /post/MTQ3NjQyMTAw.html
INFO: [ app_init ] --START--
INFO: Run Behavior\BuildLiteBehavior [ RunTime:0.000000s ]
INFO: [ app_init ] --END-- [ RunTime:0.001000s ]
ERR: 无法加载模块:Post

[ 2016-10-14T15:23:53+08:00 ] 192.168.0.132 /post/MTQ3NjQyMTAw.html
INFO: [ app_init ] --START--
INFO: Run Behavior\BuildLiteBehavior [ RunTime:0.000000s ]
INFO: [ app_init ] --END-- [ RunTime:0.001000s ]
ERR: 无法加载模块:Post

[ 2016-10-14T15:23:53+08:00 ] 192.168.0.132 /post/MTQ3NjQyMTAw.html
INFO: [ app_init ] --START--
INFO: Run Behavior\BuildLiteBehavior [ RunTime:0.000000s ]
INFO: [ app_init ] --END-- [ RunTime:0.000000s ]
ERR: 无法加载模块:Post

[ 2016-10-14T16:32:30+08:00 ] 127.0.0.1 /favicon.ico
INFO: [ app_init ] --START--
INFO: Run Behavior\BuildLiteBehavior [ RunTime:0.000000s ]
INFO: [ app_init ] --END-- [ RunTime:0.001000s ]
ERR: 无法加载模块:Favicon

[ 2016-10-14T18:02:53+08:00 ] 127.0.0.1 /favicon.ico
INFO: [ app_init ] --START--
INFO: Run Behavior\BuildLiteBehavior [ RunTime:0.000000s ]
INFO: [ app_init ] --END-- [ RunTime:0.000000s ]
ERR: 无法加载模块:Favicon

[ 2016-10-14T18:03:12+08:00 ] 127.0.0.1 /asasas
INFO: [ app_init ] --START--
INFO: Run Behavior\BuildLiteBehavior [ RunTime:0.000000s ]
INFO: [ app_init ] --END-- [ RunTime:0.000000s ]
ERR: 无法加载模块:Asasas

[ 2016-10-14T18:03:15+08:00 ] 127.0.0.1 /asasasasasas
INFO: [ app_init ] --START--
INFO: Run Behavior\BuildLiteBehavior [ RunTime:0.001000s ]
INFO: [ app_init ] --END-- [ RunTime:0.001000s ]
ERR: 无法加载模块:Asasasasasas

